<?xml version="1.0" encoding="UTF-8"?>
<testsuite xmlns:xsi="http://www.w3.org/2001/XMLSchema-instance" xsi:noNamespaceSchemaLocation="https://maven.apache.org/surefire/maven-surefire-plugin/xsd/surefire-test-report-3.0.xsd" version="3.0" name="tu paquete.EjercitoTest" time="0.0" tests="14" errors="14" skipped="0" failures="0">
  <properties>
[...]
</properties>
  <testcase name="chucknorris_puede_matar_Test" classname="tu paquete.EjercitoTest" time="0.0">
    <error message="Unresolved compilation problems: &#10;	The declared package &quot;&quot; does not match the expected package &quot;tu paquete&quot;&#10;	Soldado cannot be resolved to a type&#10;	Soldado cannot be resolved to a type&#10;	Tanque cannot be resolved to a type&#10;	Tanque cannot be resolved to a type&#10;	Buque cannot be resolved to a type&#10;	Buque cannot be resolved to a type&#10;	Soldado cannot be resolved to a type&#10;	Soldado cannot be resolved to a type&#10;	Soldado cannot be resolved to a type&#10;	Soldado cannot be resolved to a type&#10;	Tanque cannot be resolved to a type&#10;	Tanque cannot be resolved to a type&#10;	Tanque cannot be resolved to a type&#10;	Tanque cannot be resolved to a type&#10;	Buque cannot be resolved to a type&#10;	Buque cannot be resolved to a type&#10;	Tanque cannot be resolved to a type&#10;	Tanque cannot be resolved to a type&#10;	Soldado cannot be resolved to a type&#10;	Soldado cannot be resolved to a type&#10;	Soldado cannot be resolved to a type&#10;	Soldado cannot be resolved to a type&#10;	Tanque cannot be resolved to a type&#10;	Tanque cannot be resolved to a type&#10;	Tanque cannot be resolved to a type&#10;	Tanque cannot be resolved to a type&#10;	Buque cannot be resolved to a type&#10;	Buque cannot be resolved to a type&#10;	Tanque cannot be resolved to a type&#10;	Tanque cannot be resolved to a type&#10;	Soldado cannot be resolved to a type&#10;	Soldado cannot be resolved to a type&#10;	Escudo cannot be resolved to a type&#10;	Escudo cannot be resolved to a type&#10;	Soldado cannot be resolved to a type&#10;	Soldado cannot be resolved to a type&#10;	Tanque cannot be resolved to a type&#10;	Tanque cannot be resolved to a type&#10;	Escudo cannot be resolved to a type&#10;	Escudo cannot be resolved to a type&#10;	Tanque cannot be resolved to a type&#10;	Tanque cannot be resolved to a type&#10;	Buque cannot be resolved to a type&#10;	Buque cannot be resolved to a type&#10;	Escudo cannot be resolved to a type&#10;	Escudo cannot be resolved to a type&#10;	Tanque cannot be resolved to a type&#10;	Tanque cannot be resolved to a type&#10;	ChuckNorris cannot be resolved to a type&#10;	ChuckNorris cannot be resolved to a type&#10;	Tanque cannot be resolved to a type&#10;	Tanque cannot be resolved to a type&#10;	ChuckNorris cannot be resolved to a type&#10;	ChuckNorris cannot be resolved to a type&#10;	Soldado cannot be resolved to a type&#10;	Soldado cannot be resolved to a type&#10;" type="java.lang.Error"><![CDATA[java.lang.Error: 
Unresolved compilation problems: 
	The declared package "" does not match the expected package "tu paquete"
	Soldado cannot be resolved to a type
	Soldado cannot be resolved to a type
	Tanque cannot be resolved to a type
	Tanque cannot be resolved to a type
	Buque cannot be resolved to a type
	Buque cannot be resolved to a type
	Soldado cannot be resolved to a type
	Soldado cannot be resolved to a type
	Soldado cannot be resolved to a type
	Soldado cannot be resolved to a type
	Tanque cannot be resolved to a type
	Tanque cannot be resolved to a type
	Tanque cannot be resolved to a type
	Tanque cannot be resolved to a type
	Buque cannot be resolved to a type
	Buque cannot be resolved to a type
	Tanque cannot be resolved to a type
	Tanque cannot be resolved to a type
	Soldado cannot be resolved to a type
	Soldado cannot be resolved to a type
	Soldado cannot be resolved to a type
	Soldado cannot be resolved to a type
	Tanque cannot be resolved to a type
	Tanque cannot be resolved to a type
	Tanque cannot be resolved to a type
	Tanque cannot be resolved to a type
	Buque cannot be resolved to a type
	Buque cannot be resolved to a type
	Tanque cannot be resolved to a type
	Tanque cannot be resolved to a type
	Soldado cannot be resolved to a type
	Soldado cannot be resolved to a type
	Escudo cannot be resolved to a type
	Escudo cannot be resolved to a type
	Soldado cannot be resolved to a type
	Soldado cannot be resolved to a type
	Tanque cannot be resolved to a type
	Tanque cannot be resolved to a type
	Escudo cannot be resolved to a type
	Escudo cannot be resolved to a type
	Tanque cannot be resolved to a type
	Tanque cannot be resolved to a type
	Buque cannot be resolved to a type
	Buque cannot be resolved to a type
	Escudo cannot be resolved to a type
	Escudo cannot be resolved to a type
	Tanque cannot be resolved to a type
	Tanque cannot be resolved to a type
	ChuckNorris cannot be resolved to a type
	ChuckNorris cannot be resolved to a type
	Tanque cannot be resolved to a type
	Tanque cannot be resolved to a type
	ChuckNorris cannot be resolved to a type
	ChuckNorris cannot be resolved to a type
	Soldado cannot be resolved to a type
	Soldado cannot be resolved to a type

	at tu paquete.EjercitoTest.<init>(EjercitoTest.java:1)
	at java.base/jdk.internal.reflect.DirectConstructorHandleAccessor.newInstance(DirectConstructorHandleAccessor.java:67)
	at java.base/java.lang.reflect.Constructor.newInstanceWithCaller(Constructor.java:499)
	at java.base/java.lang.reflect.Constructor.newInstance(Constructor.java:483)
	at org.junit.runners.BlockJUnit4ClassRunner.createTest(BlockJUnit4ClassRunner.java:250)
	at org.junit.runners.BlockJUnit4ClassRunner.createTest(BlockJUnit4ClassRunner.java:260)
	at org.junit.runners.BlockJUnit4ClassRunner$2.runReflectiveCall(BlockJUnit4ClassRunner.java:309)
	at org.junit.internal.runners.model.ReflectiveCallable.run(ReflectiveCallable.java:12)
	at org.junit.runners.BlockJUnit4ClassRunner.methodBlock(BlockJUnit4ClassRunner.java:306)
	at org.junit.runners.BlockJUnit4ClassRunner$1.evaluate(BlockJUnit4ClassRunner.java:100)
	at org.junit.runners.ParentRunner.runLeaf(ParentRunner.java:366)
	at org.junit.runners.BlockJUnit4ClassRunner.runChild(BlockJUnit4ClassRunner.java:103)
	at org.junit.runners.BlockJUnit4ClassRunner.runChild(BlockJUnit4ClassRunner.java:63)
	at org.junit.runners.ParentRunner$4.run(ParentRunner.java:331)
	at org.junit.runners.ParentRunner$1.schedule(ParentRunner.java:79)
	at org.junit.runners.ParentRunner.runChildren(ParentRunner.java:329)
	at org.junit.runners.ParentRunner.access$100(ParentRunner.java:66)
	at org.junit.runners.ParentRunner$2.evaluate(ParentRunner.java:293)
	at org.junit.runners.ParentRunner$3.evaluate(ParentRunner.java:306)
	at org.junit.runners.ParentRunner.run(ParentRunner.java:413)
	at org.apache.maven.surefire.junit4.JUnit4Provider.execute(JUnit4Provider.java:316)
	at org.apache.maven.surefire.junit4.JUnit4Provider.executeWithRerun(JUnit4Provider.java:240)
	at org.apache.maven.surefire.junit4.JUnit4Provider.executeTestSet(JUnit4Provider.java:214)
	at org.apache.maven.surefire.junit4.JUnit4Provider.invoke(JUnit4Provider.java:155)
	at org.apache.maven.surefire.booter.ForkedBooter.runSuitesInProcess(ForkedBooter.java:385)
	at org.apache.maven.surefire.booter.ForkedBooter.execute(ForkedBooter.java:162)
	at org.apache.maven.surefire.booter.ForkedBooter.run(ForkedBooter.java:507)
	at org.apache.maven.surefire.booter.ForkedBooter.main(ForkedBooter.java:495)
]]></error>
  </testcase>
  <testcase name="tanque_puede_disparar_Test" classname="tu paquete.EjercitoTest" time="0.0">
    <error message="Unresolved compilation problems: &#10;	The declared package &quot;&quot; does not match the expected package &quot;tu paquete&quot;&#10;	Soldado cannot be resolved to a type&#10;	Soldado cannot be resolved to a type&#10;	Tanque cannot be resolved to a type&#10;	Tanque cannot be resolved to a type&#10;	Buque cannot be resolved to a type&#10;	Buque cannot be resolved to a type&#10;	Soldado cannot be resolved to a type&#10;	Soldado cannot be resolved to a type&#10;	Soldado cannot be resolved to a type&#10;	Soldado cannot be resolved to a type&#10;	Tanque cannot be resolved to a type&#10;	Tanque cannot be resolved to a type&#10;	Tanque cannot be resolved to a type&#10;	Tanque cannot be resolved to a type&#10;	Buque cannot be resolved to a type&#10;	Buque cannot be resolved to a type&#10;	Tanque cannot be resolved to a type&#10;	Tanque cannot be resolved to a type&#10;	Soldado cannot be resolved to a type&#10;	Soldado cannot be resolved to a type&#10;	Soldado cannot be resolved to a type&#10;	Soldado cannot be resolved to a type&#10;	Tanque cannot be resolved to a type&#10;	Tanque cannot be resolved to a type&#10;	Tanque cannot be resolved to a type&#10;	Tanque cannot be resolved to a type&#10;	Buque cannot be resolved to a type&#10;	Buque cannot be resolved to a type&#10;	Tanque cannot be resolved to a type&#10;	Tanque cannot be resolved to a type&#10;	Soldado cannot be resolved to a type&#10;	Soldado cannot be resolved to a type&#10;	Escudo cannot be resolved to a type&#10;	Escudo cannot be resolved to a type&#10;	Soldado cannot be resolved to a type&#10;	Soldado cannot be resolved to a type&#10;	Tanque cannot be resolved to a type&#10;	Tanque cannot be resolved to a type&#10;	Escudo cannot be resolved to a type&#10;	Escudo cannot be resolved to a type&#10;	Tanque cannot be resolved to a type&#10;	Tanque cannot be resolved to a type&#10;	Buque cannot be resolved to a type&#10;	Buque cannot be resolved to a type&#10;	Escudo cannot be resolved to a type&#10;	Escudo cannot be resolved to a type&#10;	Tanque cannot be resolved to a type&#10;	Tanque cannot be resolved to a type&#10;	ChuckNorris cannot be resolved to a type&#10;	ChuckNorris cannot be resolved to a type&#10;	Tanque cannot be resolved to a type&#10;	Tanque cannot be resolved to a type&#10;	ChuckNorris cannot be resolved to a type&#10;	ChuckNorris cannot be resolved to a type&#10;	Soldado cannot be resolved to a type&#10;	Soldado cannot be resolved to a type&#10;" type="java.lang.Error"><![CDATA[java.lang.Error: 
Unresolved compilation problems: 
	The declared package "" does not match the expected package "tu paquete"
	Soldado cannot be resolved to a type
	Soldado cannot be resolved to a type
	Tanque cannot be resolved to a type
	Tanque cannot be resolved to a type
	Buque cannot be resolved to a type
	Buque cannot be resolved to a type
	Soldado cannot be resolved to a type
	Soldado cannot be resolved to a type
	Soldado cannot be resolved to a type
	Soldado cannot be resolved to a type
	Tanque cannot be resolved to a type
	Tanque cannot be resolved to a type
	Tanque cannot be resolved to a type
	Tanque cannot be resolved to a type
	Buque cannot be resolved to a type
	Buque cannot be resolved to a type
	Tanque cannot be resolved to a type
	Tanque cannot be resolved to a type
	Soldado cannot be resolved to a type
	Soldado cannot be resolved to a type
	Soldado cannot be resolved to a type
	Soldado cannot be resolved to a type
	Tanque cannot be resolved to a type
	Tanque cannot be resolved to a type
	Tanque cannot be resolved to a type
	Tanque cannot be resolved to a type
	Buque cannot be resolved to a type
	Buque cannot be resolved to a type
	Tanque cannot be resolved to a type
	Tanque cannot be resolved to a type
	Soldado cannot be resolved to a type
	Soldado cannot be resolved to a type
	Escudo cannot be resolved to a type
	Escudo cannot be resolved to a type
	Soldado cannot be resolved to a type
	Soldado cannot be resolved to a type
	Tanque cannot be resolved to a type
	Tanque cannot be resolved to a type
	Escudo cannot be resolved to a type
	Escudo cannot be resolved to a type
	Tanque cannot be resolved to a type
	Tanque cannot be resolved to a type
	Buque cannot be resolved to a type
	Buque cannot be resolved to a type
	Escudo cannot be resolved to a type
	Escudo cannot be resolved to a type
	Tanque cannot be resolved to a type
	Tanque cannot be resolved to a type
	ChuckNorris cannot be resolved to a type
	ChuckNorris cannot be resolved to a type
	Tanque cannot be resolved to a type
	Tanque cannot be resolved to a type
	ChuckNorris cannot be resolved to a type
	ChuckNorris cannot be resolved to a type
	Soldado cannot be resolved to a type
	Soldado cannot be resolved to a type

	at tu paquete.EjercitoTest.<init>(EjercitoTest.java:1)
	at java.base/jdk.internal.reflect.DirectConstructorHandleAccessor.newInstance(DirectConstructorHandleAccessor.java:67)
	at java.base/java.lang.reflect.Constructor.newInstanceWithCaller(Constructor.java:499)
	at java.base/java.lang.reflect.Constructor.newInstance(Constructor.java:483)
	at org.junit.runners.BlockJUnit4ClassRunner.createTest(BlockJUnit4ClassRunner.java:250)
	at org.junit.runners.BlockJUnit4ClassRunner.createTest(BlockJUnit4ClassRunner.java:260)
	at org.junit.runners.BlockJUnit4ClassRunner$2.runReflectiveCall(BlockJUnit4ClassRunner.java:309)
	at org.junit.internal.runners.model.ReflectiveCallable.run(ReflectiveCallable.java:12)
	at org.junit.runners.BlockJUnit4ClassRunner.methodBlock(BlockJUnit4ClassRunner.java:306)
	at org.junit.runners.BlockJUnit4ClassRunner$1.evaluate(BlockJUnit4ClassRunner.java:100)
	at org.junit.runners.ParentRunner.runLeaf(ParentRunner.java:366)
	at org.junit.runners.BlockJUnit4ClassRunner.runChild(BlockJUnit4ClassRunner.java:103)
	at org.junit.runners.BlockJUnit4ClassRunner.runChild(BlockJUnit4ClassRunner.java:63)
	at org.junit.runners.ParentRunner$4.run(ParentRunner.java:331)
	at org.junit.runners.ParentRunner$1.schedule(ParentRunner.java:79)
	at org.junit.runners.ParentRunner.runChildren(ParentRunner.java:329)
	at org.junit.runners.ParentRunner.access$100(ParentRunner.java:66)
	at org.junit.runners.ParentRunner$2.evaluate(ParentRunner.java:293)
	at org.junit.runners.ParentRunner$3.evaluate(ParentRunner.java:306)
	at org.junit.runners.ParentRunner.run(ParentRunner.java:413)
	at org.apache.maven.surefire.junit4.JUnit4Provider.execute(JUnit4Provider.java:316)
	at org.apache.maven.surefire.junit4.JUnit4Provider.executeWithRerun(JUnit4Provider.java:240)
	at org.apache.maven.surefire.junit4.JUnit4Provider.executeTestSet(JUnit4Provider.java:214)
	at org.apache.maven.surefire.junit4.JUnit4Provider.invoke(JUnit4Provider.java:155)
	at org.apache.maven.surefire.booter.ForkedBooter.runSuitesInProcess(ForkedBooter.java:385)
	at org.apache.maven.surefire.booter.ForkedBooter.execute(ForkedBooter.java:162)
	at org.apache.maven.surefire.booter.ForkedBooter.run(ForkedBooter.java:507)
	at org.apache.maven.surefire.booter.ForkedBooter.main(ForkedBooter.java:495)
]]></error>
  </testcase>
  <testcase name="tanque_puede_recibir_disparo_y_muere_de_2_disparos" classname="tu paquete.EjercitoTest" time="0.0">
    <error message="Unresolved compilation problems: &#10;	The declared package &quot;&quot; does not match the expected package &quot;tu paquete&quot;&#10;	Soldado cannot be resolved to a type&#10;	Soldado cannot be resolved to a type&#10;	Tanque cannot be resolved to a type&#10;	Tanque cannot be resolved to a type&#10;	Buque cannot be resolved to a type&#10;	Buque cannot be resolved to a type&#10;	Soldado cannot be resolved to a type&#10;	Soldado cannot be resolved to a type&#10;	Soldado cannot be resolved to a type&#10;	Soldado cannot be resolved to a type&#10;	Tanque cannot be resolved to a type&#10;	Tanque cannot be resolved to a type&#10;	Tanque cannot be resolved to a type&#10;	Tanque cannot be resolved to a type&#10;	Buque cannot be resolved to a type&#10;	Buque cannot be resolved to a type&#10;	Tanque cannot be resolved to a type&#10;	Tanque cannot be resolved to a type&#10;	Soldado cannot be resolved to a type&#10;	Soldado cannot be resolved to a type&#10;	Soldado cannot be resolved to a type&#10;	Soldado cannot be resolved to a type&#10;	Tanque cannot be resolved to a type&#10;	Tanque cannot be resolved to a type&#10;	Tanque cannot be resolved to a type&#10;	Tanque cannot be resolved to a type&#10;	Buque cannot be resolved to a type&#10;	Buque cannot be resolved to a type&#10;	Tanque cannot be resolved to a type&#10;	Tanque cannot be resolved to a type&#10;	Soldado cannot be resolved to a type&#10;	Soldado cannot be resolved to a type&#10;	Escudo cannot be resolved to a type&#10;	Escudo cannot be resolved to a type&#10;	Soldado cannot be resolved to a type&#10;	Soldado cannot be resolved to a type&#10;	Tanque cannot be resolved to a type&#10;	Tanque cannot be resolved to a type&#10;	Escudo cannot be resolved to a type&#10;	Escudo cannot be resolved to a type&#10;	Tanque cannot be resolved to a type&#10;	Tanque cannot be resolved to a type&#10;	Buque cannot be resolved to a type&#10;	Buque cannot be resolved to a type&#10;	Escudo cannot be resolved to a type&#10;	Escudo cannot be resolved to a type&#10;	Tanque cannot be resolved to a type&#10;	Tanque cannot be resolved to a type&#10;	ChuckNorris cannot be resolved to a type&#10;	ChuckNorris cannot be resolved to a type&#10;	Tanque cannot be resolved to a type&#10;	Tanque cannot be resolved to a type&#10;	ChuckNorris cannot be resolved to a type&#10;	ChuckNorris cannot be resolved to a type&#10;	Soldado cannot be resolved to a type&#10;	Soldado cannot be resolved to a type&#10;" type="java.lang.Error"><![CDATA[java.lang.Error: 
Unresolved compilation problems: 
	The declared package "" does not match the expected package "tu paquete"
	Soldado cannot be resolved to a type
	Soldado cannot be resolved to a type
	Tanque cannot be resolved to a type
	Tanque cannot be resolved to a type
	Buque cannot be resolved to a type
	Buque cannot be resolved to a type
	Soldado cannot be resolved to a type
	Soldado cannot be resolved to a type
	Soldado cannot be resolved to a type
	Soldado cannot be resolved to a type
	Tanque cannot be resolved to a type
	Tanque cannot be resolved to a type
	Tanque cannot be resolved to a type
	Tanque cannot be resolved to a type
	Buque cannot be resolved to a type
	Buque cannot be resolved to a type
	Tanque cannot be resolved to a type
	Tanque cannot be resolved to a type
	Soldado cannot be resolved to a type
	Soldado cannot be resolved to a type
	Soldado cannot be resolved to a type
	Soldado cannot be resolved to a type
	Tanque cannot be resolved to a type
	Tanque cannot be resolved to a type
	Tanque cannot be resolved to a type
	Tanque cannot be resolved to a type
	Buque cannot be resolved to a type
	Buque cannot be resolved to a type
	Tanque cannot be resolved to a type
	Tanque cannot be resolved to a type
	Soldado cannot be resolved to a type
	Soldado cannot be resolved to a type
	Escudo cannot be resolved to a type
	Escudo cannot be resolved to a type
	Soldado cannot be resolved to a type
	Soldado cannot be resolved to a type
	Tanque cannot be resolved to a type
	Tanque cannot be resolved to a type
	Escudo cannot be resolved to a type
	Escudo cannot be resolved to a type
	Tanque cannot be resolved to a type
	Tanque cannot be resolved to a type
	Buque cannot be resolved to a type
	Buque cannot be resolved to a type
	Escudo cannot be resolved to a type
	Escudo cannot be resolved to a type
	Tanque cannot be resolved to a type
	Tanque cannot be resolved to a type
	ChuckNorris cannot be resolved to a type
	ChuckNorris cannot be resolved to a type
	Tanque cannot be resolved to a type
	Tanque cannot be resolved to a type
	ChuckNorris cannot be resolved to a type
	ChuckNorris cannot be resolved to a type
	Soldado cannot be resolved to a type
	Soldado cannot be resolved to a type

	at tu paquete.EjercitoTest.<init>(EjercitoTest.java:1)
	at java.base/jdk.internal.reflect.DirectConstructorHandleAccessor.newInstance(DirectConstructorHandleAccessor.java:67)
	at java.base/java.lang.reflect.Constructor.newInstanceWithCaller(Constructor.java:499)
	at java.base/java.lang.reflect.Constructor.newInstance(Constructor.java:483)
	at org.junit.runners.BlockJUnit4ClassRunner.createTest(BlockJUnit4ClassRunner.java:250)
	at org.junit.runners.BlockJUnit4ClassRunner.createTest(BlockJUnit4ClassRunner.java:260)
	at org.junit.runners.BlockJUnit4ClassRunner$2.runReflectiveCall(BlockJUnit4ClassRunner.java:309)
	at org.junit.internal.runners.model.ReflectiveCallable.run(ReflectiveCallable.java:12)
	at org.junit.runners.BlockJUnit4ClassRunner.methodBlock(BlockJUnit4ClassRunner.java:306)
	at org.junit.runners.BlockJUnit4ClassRunner$1.evaluate(BlockJUnit4ClassRunner.java:100)
	at org.junit.runners.ParentRunner.runLeaf(ParentRunner.java:366)
	at org.junit.runners.BlockJUnit4ClassRunner.runChild(BlockJUnit4ClassRunner.java:103)
	at org.junit.runners.BlockJUnit4ClassRunner.runChild(BlockJUnit4ClassRunner.java:63)
	at org.junit.runners.ParentRunner$4.run(ParentRunner.java:331)
	at org.junit.runners.ParentRunner$1.schedule(ParentRunner.java:79)
	at org.junit.runners.ParentRunner.runChildren(ParentRunner.java:329)
	at org.junit.runners.ParentRunner.access$100(ParentRunner.java:66)
	at org.junit.runners.ParentRunner$2.evaluate(ParentRunner.java:293)
	at org.junit.runners.ParentRunner$3.evaluate(ParentRunner.java:306)
	at org.junit.runners.ParentRunner.run(ParentRunner.java:413)
	at org.apache.maven.surefire.junit4.JUnit4Provider.execute(JUnit4Provider.java:316)
	at org.apache.maven.surefire.junit4.JUnit4Provider.executeWithRerun(JUnit4Provider.java:240)
	at org.apache.maven.surefire.junit4.JUnit4Provider.executeTestSet(JUnit4Provider.java:214)
	at org.apache.maven.surefire.junit4.JUnit4Provider.invoke(JUnit4Provider.java:155)
	at org.apache.maven.surefire.booter.ForkedBooter.runSuitesInProcess(ForkedBooter.java:385)
	at org.apache.maven.surefire.booter.ForkedBooter.execute(ForkedBooter.java:162)
	at org.apache.maven.surefire.booter.ForkedBooter.run(ForkedBooter.java:507)
	at org.apache.maven.surefire.booter.ForkedBooter.main(ForkedBooter.java:495)
]]></error>
  </testcase>
  <testcase name="buque_puede_recibir_disparo_y_muere_de_3_disparos" classname="tu paquete.EjercitoTest" time="0.0">
    <error message="Unresolved compilation problems: &#10;	The declared package &quot;&quot; does not match the expected package &quot;tu paquete&quot;&#10;	Soldado cannot be resolved to a type&#10;	Soldado cannot be resolved to a type&#10;	Tanque cannot be resolved to a type&#10;	Tanque cannot be resolved to a type&#10;	Buque cannot be resolved to a type&#10;	Buque cannot be resolved to a type&#10;	Soldado cannot be resolved to a type&#10;	Soldado cannot be resolved to a type&#10;	Soldado cannot be resolved to a type&#10;	Soldado cannot be resolved to a type&#10;	Tanque cannot be resolved to a type&#10;	Tanque cannot be resolved to a type&#10;	Tanque cannot be resolved to a type&#10;	Tanque cannot be resolved to a type&#10;	Buque cannot be resolved to a type&#10;	Buque cannot be resolved to a type&#10;	Tanque cannot be resolved to a type&#10;	Tanque cannot be resolved to a type&#10;	Soldado cannot be resolved to a type&#10;	Soldado cannot be resolved to a type&#10;	Soldado cannot be resolved to a type&#10;	Soldado cannot be resolved to a type&#10;	Tanque cannot be resolved to a type&#10;	Tanque cannot be resolved to a type&#10;	Tanque cannot be resolved to a type&#10;	Tanque cannot be resolved to a type&#10;	Buque cannot be resolved to a type&#10;	Buque cannot be resolved to a type&#10;	Tanque cannot be resolved to a type&#10;	Tanque cannot be resolved to a type&#10;	Soldado cannot be resolved to a type&#10;	Soldado cannot be resolved to a type&#10;	Escudo cannot be resolved to a type&#10;	Escudo cannot be resolved to a type&#10;	Soldado cannot be resolved to a type&#10;	Soldado cannot be resolved to a type&#10;	Tanque cannot be resolved to a type&#10;	Tanque cannot be resolved to a type&#10;	Escudo cannot be resolved to a type&#10;	Escudo cannot be resolved to a type&#10;	Tanque cannot be resolved to a type&#10;	Tanque cannot be resolved to a type&#10;	Buque cannot be resolved to a type&#10;	Buque cannot be resolved to a type&#10;	Escudo cannot be resolved to a type&#10;	Escudo cannot be resolved to a type&#10;	Tanque cannot be resolved to a type&#10;	Tanque cannot be resolved to a type&#10;	ChuckNorris cannot be resolved to a type&#10;	ChuckNorris cannot be resolved to a type&#10;	Tanque cannot be resolved to a type&#10;	Tanque cannot be resolved to a type&#10;	ChuckNorris cannot be resolved to a type&#10;	ChuckNorris cannot be resolved to a type&#10;	Soldado cannot be resolved to a type&#10;	Soldado cannot be resolved to a type&#10;" type="java.lang.Error"><![CDATA[java.lang.Error: 
Unresolved compilation problems: 
	The declared package "" does not match the expected package "tu paquete"
	Soldado cannot be resolved to a type
	Soldado cannot be resolved to a type
	Tanque cannot be resolved to a type
	Tanque cannot be resolved to a type
	Buque cannot be resolved to a type
	Buque cannot be resolved to a type
	Soldado cannot be resolved to a type
	Soldado cannot be resolved to a type
	Soldado cannot be resolved to a type
	Soldado cannot be resolved to a type
	Tanque cannot be resolved to a type
	Tanque cannot be resolved to a type
	Tanque cannot be resolved to a type
	Tanque cannot be resolved to a type
	Buque cannot be resolved to a type
	Buque cannot be resolved to a type
	Tanque cannot be resolved to a type
	Tanque cannot be resolved to a type
	Soldado cannot be resolved to a type
	Soldado cannot be resolved to a type
	Soldado cannot be resolved to a type
	Soldado cannot be resolved to a type
	Tanque cannot be resolved to a type
	Tanque cannot be resolved to a type
	Tanque cannot be resolved to a type
	Tanque cannot be resolved to a type
	Buque cannot be resolved to a type
	Buque cannot be resolved to a type
	Tanque cannot be resolved to a type
	Tanque cannot be resolved to a type
	Soldado cannot be resolved to a type
	Soldado cannot be resolved to a type
	Escudo cannot be resolved to a type
	Escudo cannot be resolved to a type
	Soldado cannot be resolved to a type
	Soldado cannot be resolved to a type
	Tanque cannot be resolved to a type
	Tanque cannot be resolved to a type
	Escudo cannot be resolved to a type
	Escudo cannot be resolved to a type
	Tanque cannot be resolved to a type
	Tanque cannot be resolved to a type
	Buque cannot be resolved to a type
	Buque cannot be resolved to a type
	Escudo cannot be resolved to a type
	Escudo cannot be resolved to a type
	Tanque cannot be resolved to a type
	Tanque cannot be resolved to a type
	ChuckNorris cannot be resolved to a type
	ChuckNorris cannot be resolved to a type
	Tanque cannot be resolved to a type
	Tanque cannot be resolved to a type
	ChuckNorris cannot be resolved to a type
	ChuckNorris cannot be resolved to a type
	Soldado cannot be resolved to a type
	Soldado cannot be resolved to a type

	at tu paquete.EjercitoTest.<init>(EjercitoTest.java:1)
	at java.base/jdk.internal.reflect.DirectConstructorHandleAccessor.newInstance(DirectConstructorHandleAccessor.java:67)
	at java.base/java.lang.reflect.Constructor.newInstanceWithCaller(Constructor.java:499)
	at java.base/java.lang.reflect.Constructor.newInstance(Constructor.java:483)
	at org.junit.runners.BlockJUnit4ClassRunner.createTest(BlockJUnit4ClassRunner.java:250)
	at org.junit.runners.BlockJUnit4ClassRunner.createTest(BlockJUnit4ClassRunner.java:260)
	at org.junit.runners.BlockJUnit4ClassRunner$2.runReflectiveCall(BlockJUnit4ClassRunner.java:309)
	at org.junit.internal.runners.model.ReflectiveCallable.run(ReflectiveCallable.java:12)
	at org.junit.runners.BlockJUnit4ClassRunner.methodBlock(BlockJUnit4ClassRunner.java:306)
	at org.junit.runners.BlockJUnit4ClassRunner$1.evaluate(BlockJUnit4ClassRunner.java:100)
	at org.junit.runners.ParentRunner.runLeaf(ParentRunner.java:366)
	at org.junit.runners.BlockJUnit4ClassRunner.runChild(BlockJUnit4ClassRunner.java:103)
	at org.junit.runners.BlockJUnit4ClassRunner.runChild(BlockJUnit4ClassRunner.java:63)
	at org.junit.runners.ParentRunner$4.run(ParentRunner.java:331)
	at org.junit.runners.ParentRunner$1.schedule(ParentRunner.java:79)
	at org.junit.runners.ParentRunner.runChildren(ParentRunner.java:329)
	at org.junit.runners.ParentRunner.access$100(ParentRunner.java:66)
	at org.junit.runners.ParentRunner$2.evaluate(ParentRunner.java:293)
	at org.junit.runners.ParentRunner$3.evaluate(ParentRunner.java:306)
	at org.junit.runners.ParentRunner.run(ParentRunner.java:413)
	at org.apache.maven.surefire.junit4.JUnit4Provider.execute(JUnit4Provider.java:316)
	at org.apache.maven.surefire.junit4.JUnit4Provider.executeWithRerun(JUnit4Provider.java:240)
	at org.apache.maven.surefire.junit4.JUnit4Provider.executeTestSet(JUnit4Provider.java:214)
	at org.apache.maven.surefire.junit4.JUnit4Provider.invoke(JUnit4Provider.java:155)
	at org.apache.maven.surefire.booter.ForkedBooter.runSuitesInProcess(ForkedBooter.java:385)
	at org.apache.maven.surefire.booter.ForkedBooter.execute(ForkedBooter.java:162)
	at org.apache.maven.surefire.booter.ForkedBooter.run(ForkedBooter.java:507)
	at org.apache.maven.surefire.booter.ForkedBooter.main(ForkedBooter.java:495)
]]></error>
  </testcase>
  <testcase name="buque_puede_preguntar_si_esta_vivo_o_muerto_Test" classname="tu paquete.EjercitoTest" time="0.0">
    <error message="Unresolved compilation problems: &#10;	The declared package &quot;&quot; does not match the expected package &quot;tu paquete&quot;&#10;	Soldado cannot be resolved to a type&#10;	Soldado cannot be resolved to a type&#10;	Tanque cannot be resolved to a type&#10;	Tanque cannot be resolved to a type&#10;	Buque cannot be resolved to a type&#10;	Buque cannot be resolved to a type&#10;	Soldado cannot be resolved to a type&#10;	Soldado cannot be resolved to a type&#10;	Soldado cannot be resolved to a type&#10;	Soldado cannot be resolved to a type&#10;	Tanque cannot be resolved to a type&#10;	Tanque cannot be resolved to a type&#10;	Tanque cannot be resolved to a type&#10;	Tanque cannot be resolved to a type&#10;	Buque cannot be resolved to a type&#10;	Buque cannot be resolved to a type&#10;	Tanque cannot be resolved to a type&#10;	Tanque cannot be resolved to a type&#10;	Soldado cannot be resolved to a type&#10;	Soldado cannot be resolved to a type&#10;	Soldado cannot be resolved to a type&#10;	Soldado cannot be resolved to a type&#10;	Tanque cannot be resolved to a type&#10;	Tanque cannot be resolved to a type&#10;	Tanque cannot be resolved to a type&#10;	Tanque cannot be resolved to a type&#10;	Buque cannot be resolved to a type&#10;	Buque cannot be resolved to a type&#10;	Tanque cannot be resolved to a type&#10;	Tanque cannot be resolved to a type&#10;	Soldado cannot be resolved to a type&#10;	Soldado cannot be resolved to a type&#10;	Escudo cannot be resolved to a type&#10;	Escudo cannot be resolved to a type&#10;	Soldado cannot be resolved to a type&#10;	Soldado cannot be resolved to a type&#10;	Tanque cannot be resolved to a type&#10;	Tanque cannot be resolved to a type&#10;	Escudo cannot be resolved to a type&#10;	Escudo cannot be resolved to a type&#10;	Tanque cannot be resolved to a type&#10;	Tanque cannot be resolved to a type&#10;	Buque cannot be resolved to a type&#10;	Buque cannot be resolved to a type&#10;	Escudo cannot be resolved to a type&#10;	Escudo cannot be resolved to a type&#10;	Tanque cannot be resolved to a type&#10;	Tanque cannot be resolved to a type&#10;	ChuckNorris cannot be resolved to a type&#10;	ChuckNorris cannot be resolved to a type&#10;	Tanque cannot be resolved to a type&#10;	Tanque cannot be resolved to a type&#10;	ChuckNorris cannot be resolved to a type&#10;	ChuckNorris cannot be resolved to a type&#10;	Soldado cannot be resolved to a type&#10;	Soldado cannot be resolved to a type&#10;" type="java.lang.Error"><![CDATA[java.lang.Error: 
Unresolved compilation problems: 
	The declared package "" does not match the expected package "tu paquete"
	Soldado cannot be resolved to a type
	Soldado cannot be resolved to a type
	Tanque cannot be resolved to a type
	Tanque cannot be resolved to a type
	Buque cannot be resolved to a type
	Buque cannot be resolved to a type
	Soldado cannot be resolved to a type
	Soldado cannot be resolved to a type
	Soldado cannot be resolved to a type
	Soldado cannot be resolved to a type
	Tanque cannot be resolved to a type
	Tanque cannot be resolved to a type
	Tanque cannot be resolved to a type
	Tanque cannot be resolved to a type
	Buque cannot be resolved to a type
	Buque cannot be resolved to a type
	Tanque cannot be resolved to a type
	Tanque cannot be resolved to a type
	Soldado cannot be resolved to a type
	Soldado cannot be resolved to a type
	Soldado cannot be resolved to a type
	Soldado cannot be resolved to a type
	Tanque cannot be resolved to a type
	Tanque cannot be resolved to a type
	Tanque cannot be resolved to a type
	Tanque cannot be resolved to a type
	Buque cannot be resolved to a type
	Buque cannot be resolved to a type
	Tanque cannot be resolved to a type
	Tanque cannot be resolved to a type
	Soldado cannot be resolved to a type
	Soldado cannot be resolved to a type
	Escudo cannot be resolved to a type
	Escudo cannot be resolved to a type
	Soldado cannot be resolved to a type
	Soldado cannot be resolved to a type
	Tanque cannot be resolved to a type
	Tanque cannot be resolved to a type
	Escudo cannot be resolved to a type
	Escudo cannot be resolved to a type
	Tanque cannot be resolved to a type
	Tanque cannot be resolved to a type
	Buque cannot be resolved to a type
	Buque cannot be resolved to a type
	Escudo cannot be resolved to a type
	Escudo cannot be resolved to a type
	Tanque cannot be resolved to a type
	Tanque cannot be resolved to a type
	ChuckNorris cannot be resolved to a type
	ChuckNorris cannot be resolved to a type
	Tanque cannot be resolved to a type
	Tanque cannot be resolved to a type
	ChuckNorris cannot be resolved to a type
	ChuckNorris cannot be resolved to a type
	Soldado cannot be resolved to a type
	Soldado cannot be resolved to a type

	at tu paquete.EjercitoTest.<init>(EjercitoTest.java:1)
	at java.base/jdk.internal.reflect.DirectConstructorHandleAccessor.newInstance(DirectConstructorHandleAccessor.java:67)
	at java.base/java.lang.reflect.Constructor.newInstanceWithCaller(Constructor.java:499)
	at java.base/java.lang.reflect.Constructor.newInstance(Constructor.java:483)
	at org.junit.runners.BlockJUnit4ClassRunner.createTest(BlockJUnit4ClassRunner.java:250)
	at org.junit.runners.BlockJUnit4ClassRunner.createTest(BlockJUnit4ClassRunner.java:260)
	at org.junit.runners.BlockJUnit4ClassRunner$2.runReflectiveCall(BlockJUnit4ClassRunner.java:309)
	at org.junit.internal.runners.model.ReflectiveCallable.run(ReflectiveCallable.java:12)
	at org.junit.runners.BlockJUnit4ClassRunner.methodBlock(BlockJUnit4ClassRunner.java:306)
	at org.junit.runners.BlockJUnit4ClassRunner$1.evaluate(BlockJUnit4ClassRunner.java:100)
	at org.junit.runners.ParentRunner.runLeaf(ParentRunner.java:366)
	at org.junit.runners.BlockJUnit4ClassRunner.runChild(BlockJUnit4ClassRunner.java:103)
	at org.junit.runners.BlockJUnit4ClassRunner.runChild(BlockJUnit4ClassRunner.java:63)
	at org.junit.runners.ParentRunner$4.run(ParentRunner.java:331)
	at org.junit.runners.ParentRunner$1.schedule(ParentRunner.java:79)
	at org.junit.runners.ParentRunner.runChildren(ParentRunner.java:329)
	at org.junit.runners.ParentRunner.access$100(ParentRunner.java:66)
	at org.junit.runners.ParentRunner$2.evaluate(ParentRunner.java:293)
	at org.junit.runners.ParentRunner$3.evaluate(ParentRunner.java:306)
	at org.junit.runners.ParentRunner.run(ParentRunner.java:413)
	at org.apache.maven.surefire.junit4.JUnit4Provider.execute(JUnit4Provider.java:316)
	at org.apache.maven.surefire.junit4.JUnit4Provider.executeWithRerun(JUnit4Provider.java:240)
	at org.apache.maven.surefire.junit4.JUnit4Provider.executeTestSet(JUnit4Provider.java:214)
	at org.apache.maven.surefire.junit4.JUnit4Provider.invoke(JUnit4Provider.java:155)
	at org.apache.maven.surefire.booter.ForkedBooter.runSuitesInProcess(ForkedBooter.java:385)
	at org.apache.maven.surefire.booter.ForkedBooter.execute(ForkedBooter.java:162)
	at org.apache.maven.surefire.booter.ForkedBooter.run(ForkedBooter.java:507)
	at org.apache.maven.surefire.booter.ForkedBooter.main(ForkedBooter.java:495)
]]></error>
  </testcase>
  <testcase name="chucknorris_recibe_disparo_y_no_muere_Test" classname="tu paquete.EjercitoTest" time="0.0">
    <error message="Unresolved compilation problems: &#10;	The declared package &quot;&quot; does not match the expected package &quot;tu paquete&quot;&#10;	Soldado cannot be resolved to a type&#10;	Soldado cannot be resolved to a type&#10;	Tanque cannot be resolved to a type&#10;	Tanque cannot be resolved to a type&#10;	Buque cannot be resolved to a type&#10;	Buque cannot be resolved to a type&#10;	Soldado cannot be resolved to a type&#10;	Soldado cannot be resolved to a type&#10;	Soldado cannot be resolved to a type&#10;	Soldado cannot be resolved to a type&#10;	Tanque cannot be resolved to a type&#10;	Tanque cannot be resolved to a type&#10;	Tanque cannot be resolved to a type&#10;	Tanque cannot be resolved to a type&#10;	Buque cannot be resolved to a type&#10;	Buque cannot be resolved to a type&#10;	Tanque cannot be resolved to a type&#10;	Tanque cannot be resolved to a type&#10;	Soldado cannot be resolved to a type&#10;	Soldado cannot be resolved to a type&#10;	Soldado cannot be resolved to a type&#10;	Soldado cannot be resolved to a type&#10;	Tanque cannot be resolved to a type&#10;	Tanque cannot be resolved to a type&#10;	Tanque cannot be resolved to a type&#10;	Tanque cannot be resolved to a type&#10;	Buque cannot be resolved to a type&#10;	Buque cannot be resolved to a type&#10;	Tanque cannot be resolved to a type&#10;	Tanque cannot be resolved to a type&#10;	Soldado cannot be resolved to a type&#10;	Soldado cannot be resolved to a type&#10;	Escudo cannot be resolved to a type&#10;	Escudo cannot be resolved to a type&#10;	Soldado cannot be resolved to a type&#10;	Soldado cannot be resolved to a type&#10;	Tanque cannot be resolved to a type&#10;	Tanque cannot be resolved to a type&#10;	Escudo cannot be resolved to a type&#10;	Escudo cannot be resolved to a type&#10;	Tanque cannot be resolved to a type&#10;	Tanque cannot be resolved to a type&#10;	Buque cannot be resolved to a type&#10;	Buque cannot be resolved to a type&#10;	Escudo cannot be resolved to a type&#10;	Escudo cannot be resolved to a type&#10;	Tanque cannot be resolved to a type&#10;	Tanque cannot be resolved to a type&#10;	ChuckNorris cannot be resolved to a type&#10;	ChuckNorris cannot be resolved to a type&#10;	Tanque cannot be resolved to a type&#10;	Tanque cannot be resolved to a type&#10;	ChuckNorris cannot be resolved to a type&#10;	ChuckNorris cannot be resolved to a type&#10;	Soldado cannot be resolved to a type&#10;	Soldado cannot be resolved to a type&#10;" type="java.lang.Error"><![CDATA[java.lang.Error: 
Unresolved compilation problems: 
	The declared package "" does not match the expected package "tu paquete"
	Soldado cannot be resolved to a type
	Soldado cannot be resolved to a type
	Tanque cannot be resolved to a type
	Tanque cannot be resolved to a type
	Buque cannot be resolved to a type
	Buque cannot be resolved to a type
	Soldado cannot be resolved to a type
	Soldado cannot be resolved to a type
	Soldado cannot be resolved to a type
	Soldado cannot be resolved to a type
	Tanque cannot be resolved to a type
	Tanque cannot be resolved to a type
	Tanque cannot be resolved to a type
	Tanque cannot be resolved to a type
	Buque cannot be resolved to a type
	Buque cannot be resolved to a type
	Tanque cannot be resolved to a type
	Tanque cannot be resolved to a type
	Soldado cannot be resolved to a type
	Soldado cannot be resolved to a type
	Soldado cannot be resolved to a type
	Soldado cannot be resolved to a type
	Tanque cannot be resolved to a type
	Tanque cannot be resolved to a type
	Tanque cannot be resolved to a type
	Tanque cannot be resolved to a type
	Buque cannot be resolved to a type
	Buque cannot be resolved to a type
	Tanque cannot be resolved to a type
	Tanque cannot be resolved to a type
	Soldado cannot be resolved to a type
	Soldado cannot be resolved to a type
	Escudo cannot be resolved to a type
	Escudo cannot be resolved to a type
	Soldado cannot be resolved to a type
	Soldado cannot be resolved to a type
	Tanque cannot be resolved to a type
	Tanque cannot be resolved to a type
	Escudo cannot be resolved to a type
	Escudo cannot be resolved to a type
	Tanque cannot be resolved to a type
	Tanque cannot be resolved to a type
	Buque cannot be resolved to a type
	Buque cannot be resolved to a type
	Escudo cannot be resolved to a type
	Escudo cannot be resolved to a type
	Tanque cannot be resolved to a type
	Tanque cannot be resolved to a type
	ChuckNorris cannot be resolved to a type
	ChuckNorris cannot be resolved to a type
	Tanque cannot be resolved to a type
	Tanque cannot be resolved to a type
	ChuckNorris cannot be resolved to a type
	ChuckNorris cannot be resolved to a type
	Soldado cannot be resolved to a type
	Soldado cannot be resolved to a type

	at tu paquete.EjercitoTest.<init>(EjercitoTest.java:1)
	at java.base/jdk.internal.reflect.DirectConstructorHandleAccessor.newInstance(DirectConstructorHandleAccessor.java:67)
	at java.base/java.lang.reflect.Constructor.newInstanceWithCaller(Constructor.java:499)
	at java.base/java.lang.reflect.Constructor.newInstance(Constructor.java:483)
	at org.junit.runners.BlockJUnit4ClassRunner.createTest(BlockJUnit4ClassRunner.java:250)
	at org.junit.runners.BlockJUnit4ClassRunner.createTest(BlockJUnit4ClassRunner.java:260)
	at org.junit.runners.BlockJUnit4ClassRunner$2.runReflectiveCall(BlockJUnit4ClassRunner.java:309)
	at org.junit.internal.runners.model.ReflectiveCallable.run(ReflectiveCallable.java:12)
	at org.junit.runners.BlockJUnit4ClassRunner.methodBlock(BlockJUnit4ClassRunner.java:306)
	at org.junit.runners.BlockJUnit4ClassRunner$1.evaluate(BlockJUnit4ClassRunner.java:100)
	at org.junit.runners.ParentRunner.runLeaf(ParentRunner.java:366)
	at org.junit.runners.BlockJUnit4ClassRunner.runChild(BlockJUnit4ClassRunner.java:103)
	at org.junit.runners.BlockJUnit4ClassRunner.runChild(BlockJUnit4ClassRunner.java:63)
	at org.junit.runners.ParentRunner$4.run(ParentRunner.java:331)
	at org.junit.runners.ParentRunner$1.schedule(ParentRunner.java:79)
	at org.junit.runners.ParentRunner.runChildren(ParentRunner.java:329)
	at org.junit.runners.ParentRunner.access$100(ParentRunner.java:66)
	at org.junit.runners.ParentRunner$2.evaluate(ParentRunner.java:293)
	at org.junit.runners.ParentRunner$3.evaluate(ParentRunner.java:306)
	at org.junit.runners.ParentRunner.run(ParentRunner.java:413)
	at org.apache.maven.surefire.junit4.JUnit4Provider.execute(JUnit4Provider.java:316)
	at org.apache.maven.surefire.junit4.JUnit4Provider.executeWithRerun(JUnit4Provider.java:240)
	at org.apache.maven.surefire.junit4.JUnit4Provider.executeTestSet(JUnit4Provider.java:214)
	at org.apache.maven.surefire.junit4.JUnit4Provider.invoke(JUnit4Provider.java:155)
	at org.apache.maven.surefire.booter.ForkedBooter.runSuitesInProcess(ForkedBooter.java:385)
	at org.apache.maven.surefire.booter.ForkedBooter.execute(ForkedBooter.java:162)
	at org.apache.maven.surefire.booter.ForkedBooter.run(ForkedBooter.java:507)
	at org.apache.maven.surefire.booter.ForkedBooter.main(ForkedBooter.java:495)
]]></error>
  </testcase>
  <testcase name="buque_recibe_disparo_con_50_escudo_Test" classname="tu paquete.EjercitoTest" time="0.0">
    <error message="Unresolved compilation problems: &#10;	The declared package &quot;&quot; does not match the expected package &quot;tu paquete&quot;&#10;	Soldado cannot be resolved to a type&#10;	Soldado cannot be resolved to a type&#10;	Tanque cannot be resolved to a type&#10;	Tanque cannot be resolved to a type&#10;	Buque cannot be resolved to a type&#10;	Buque cannot be resolved to a type&#10;	Soldado cannot be resolved to a type&#10;	Soldado cannot be resolved to a type&#10;	Soldado cannot be resolved to a type&#10;	Soldado cannot be resolved to a type&#10;	Tanque cannot be resolved to a type&#10;	Tanque cannot be resolved to a type&#10;	Tanque cannot be resolved to a type&#10;	Tanque cannot be resolved to a type&#10;	Buque cannot be resolved to a type&#10;	Buque cannot be resolved to a type&#10;	Tanque cannot be resolved to a type&#10;	Tanque cannot be resolved to a type&#10;	Soldado cannot be resolved to a type&#10;	Soldado cannot be resolved to a type&#10;	Soldado cannot be resolved to a type&#10;	Soldado cannot be resolved to a type&#10;	Tanque cannot be resolved to a type&#10;	Tanque cannot be resolved to a type&#10;	Tanque cannot be resolved to a type&#10;	Tanque cannot be resolved to a type&#10;	Buque cannot be resolved to a type&#10;	Buque cannot be resolved to a type&#10;	Tanque cannot be resolved to a type&#10;	Tanque cannot be resolved to a type&#10;	Soldado cannot be resolved to a type&#10;	Soldado cannot be resolved to a type&#10;	Escudo cannot be resolved to a type&#10;	Escudo cannot be resolved to a type&#10;	Soldado cannot be resolved to a type&#10;	Soldado cannot be resolved to a type&#10;	Tanque cannot be resolved to a type&#10;	Tanque cannot be resolved to a type&#10;	Escudo cannot be resolved to a type&#10;	Escudo cannot be resolved to a type&#10;	Tanque cannot be resolved to a type&#10;	Tanque cannot be resolved to a type&#10;	Buque cannot be resolved to a type&#10;	Buque cannot be resolved to a type&#10;	Escudo cannot be resolved to a type&#10;	Escudo cannot be resolved to a type&#10;	Tanque cannot be resolved to a type&#10;	Tanque cannot be resolved to a type&#10;	ChuckNorris cannot be resolved to a type&#10;	ChuckNorris cannot be resolved to a type&#10;	Tanque cannot be resolved to a type&#10;	Tanque cannot be resolved to a type&#10;	ChuckNorris cannot be resolved to a type&#10;	ChuckNorris cannot be resolved to a type&#10;	Soldado cannot be resolved to a type&#10;	Soldado cannot be resolved to a type&#10;" type="java.lang.Error"><![CDATA[java.lang.Error: 
Unresolved compilation problems: 
	The declared package "" does not match the expected package "tu paquete"
	Soldado cannot be resolved to a type
	Soldado cannot be resolved to a type
	Tanque cannot be resolved to a type
	Tanque cannot be resolved to a type
	Buque cannot be resolved to a type
	Buque cannot be resolved to a type
	Soldado cannot be resolved to a type
	Soldado cannot be resolved to a type
	Soldado cannot be resolved to a type
	Soldado cannot be resolved to a type
	Tanque cannot be resolved to a type
	Tanque cannot be resolved to a type
	Tanque cannot be resolved to a type
	Tanque cannot be resolved to a type
	Buque cannot be resolved to a type
	Buque cannot be resolved to a type
	Tanque cannot be resolved to a type
	Tanque cannot be resolved to a type
	Soldado cannot be resolved to a type
	Soldado cannot be resolved to a type
	Soldado cannot be resolved to a type
	Soldado cannot be resolved to a type
	Tanque cannot be resolved to a type
	Tanque cannot be resolved to a type
	Tanque cannot be resolved to a type
	Tanque cannot be resolved to a type
	Buque cannot be resolved to a type
	Buque cannot be resolved to a type
	Tanque cannot be resolved to a type
	Tanque cannot be resolved to a type
	Soldado cannot be resolved to a type
	Soldado cannot be resolved to a type
	Escudo cannot be resolved to a type
	Escudo cannot be resolved to a type
	Soldado cannot be resolved to a type
	Soldado cannot be resolved to a type
	Tanque cannot be resolved to a type
	Tanque cannot be resolved to a type
	Escudo cannot be resolved to a type
	Escudo cannot be resolved to a type
	Tanque cannot be resolved to a type
	Tanque cannot be resolved to a type
	Buque cannot be resolved to a type
	Buque cannot be resolved to a type
	Escudo cannot be resolved to a type
	Escudo cannot be resolved to a type
	Tanque cannot be resolved to a type
	Tanque cannot be resolved to a type
	ChuckNorris cannot be resolved to a type
	ChuckNorris cannot be resolved to a type
	Tanque cannot be resolved to a type
	Tanque cannot be resolved to a type
	ChuckNorris cannot be resolved to a type
	ChuckNorris cannot be resolved to a type
	Soldado cannot be resolved to a type
	Soldado cannot be resolved to a type

	at tu paquete.EjercitoTest.<init>(EjercitoTest.java:1)
	at java.base/jdk.internal.reflect.DirectConstructorHandleAccessor.newInstance(DirectConstructorHandleAccessor.java:67)
	at java.base/java.lang.reflect.Constructor.newInstanceWithCaller(Constructor.java:499)
	at java.base/java.lang.reflect.Constructor.newInstance(Constructor.java:483)
	at org.junit.runners.BlockJUnit4ClassRunner.createTest(BlockJUnit4ClassRunner.java:250)
	at org.junit.runners.BlockJUnit4ClassRunner.createTest(BlockJUnit4ClassRunner.java:260)
	at org.junit.runners.BlockJUnit4ClassRunner$2.runReflectiveCall(BlockJUnit4ClassRunner.java:309)
	at org.junit.internal.runners.model.ReflectiveCallable.run(ReflectiveCallable.java:12)
	at org.junit.runners.BlockJUnit4ClassRunner.methodBlock(BlockJUnit4ClassRunner.java:306)
	at org.junit.runners.BlockJUnit4ClassRunner$1.evaluate(BlockJUnit4ClassRunner.java:100)
	at org.junit.runners.ParentRunner.runLeaf(ParentRunner.java:366)
	at org.junit.runners.BlockJUnit4ClassRunner.runChild(BlockJUnit4ClassRunner.java:103)
	at org.junit.runners.BlockJUnit4ClassRunner.runChild(BlockJUnit4ClassRunner.java:63)
	at org.junit.runners.ParentRunner$4.run(ParentRunner.java:331)
	at org.junit.runners.ParentRunner$1.schedule(ParentRunner.java:79)
	at org.junit.runners.ParentRunner.runChildren(ParentRunner.java:329)
	at org.junit.runners.ParentRunner.access$100(ParentRunner.java:66)
	at org.junit.runners.ParentRunner$2.evaluate(ParentRunner.java:293)
	at org.junit.runners.ParentRunner$3.evaluate(ParentRunner.java:306)
	at org.junit.runners.ParentRunner.run(ParentRunner.java:413)
	at org.apache.maven.surefire.junit4.JUnit4Provider.execute(JUnit4Provider.java:316)
	at org.apache.maven.surefire.junit4.JUnit4Provider.executeWithRerun(JUnit4Provider.java:240)
	at org.apache.maven.surefire.junit4.JUnit4Provider.executeTestSet(JUnit4Provider.java:214)
	at org.apache.maven.surefire.junit4.JUnit4Provider.invoke(JUnit4Provider.java:155)
	at org.apache.maven.surefire.booter.ForkedBooter.runSuitesInProcess(ForkedBooter.java:385)
	at org.apache.maven.surefire.booter.ForkedBooter.execute(ForkedBooter.java:162)
	at org.apache.maven.surefire.booter.ForkedBooter.run(ForkedBooter.java:507)
	at org.apache.maven.surefire.booter.ForkedBooter.main(ForkedBooter.java:495)
]]></error>
  </testcase>
  <testcase name="tanque_recibe_disparo_con_50_escudo_Test" classname="tu paquete.EjercitoTest" time="0.0">
    <error message="Unresolved compilation problems: &#10;	The declared package &quot;&quot; does not match the expected package &quot;tu paquete&quot;&#10;	Soldado cannot be resolved to a type&#10;	Soldado cannot be resolved to a type&#10;	Tanque cannot be resolved to a type&#10;	Tanque cannot be resolved to a type&#10;	Buque cannot be resolved to a type&#10;	Buque cannot be resolved to a type&#10;	Soldado cannot be resolved to a type&#10;	Soldado cannot be resolved to a type&#10;	Soldado cannot be resolved to a type&#10;	Soldado cannot be resolved to a type&#10;	Tanque cannot be resolved to a type&#10;	Tanque cannot be resolved to a type&#10;	Tanque cannot be resolved to a type&#10;	Tanque cannot be resolved to a type&#10;	Buque cannot be resolved to a type&#10;	Buque cannot be resolved to a type&#10;	Tanque cannot be resolved to a type&#10;	Tanque cannot be resolved to a type&#10;	Soldado cannot be resolved to a type&#10;	Soldado cannot be resolved to a type&#10;	Soldado cannot be resolved to a type&#10;	Soldado cannot be resolved to a type&#10;	Tanque cannot be resolved to a type&#10;	Tanque cannot be resolved to a type&#10;	Tanque cannot be resolved to a type&#10;	Tanque cannot be resolved to a type&#10;	Buque cannot be resolved to a type&#10;	Buque cannot be resolved to a type&#10;	Tanque cannot be resolved to a type&#10;	Tanque cannot be resolved to a type&#10;	Soldado cannot be resolved to a type&#10;	Soldado cannot be resolved to a type&#10;	Escudo cannot be resolved to a type&#10;	Escudo cannot be resolved to a type&#10;	Soldado cannot be resolved to a type&#10;	Soldado cannot be resolved to a type&#10;	Tanque cannot be resolved to a type&#10;	Tanque cannot be resolved to a type&#10;	Escudo cannot be resolved to a type&#10;	Escudo cannot be resolved to a type&#10;	Tanque cannot be resolved to a type&#10;	Tanque cannot be resolved to a type&#10;	Buque cannot be resolved to a type&#10;	Buque cannot be resolved to a type&#10;	Escudo cannot be resolved to a type&#10;	Escudo cannot be resolved to a type&#10;	Tanque cannot be resolved to a type&#10;	Tanque cannot be resolved to a type&#10;	ChuckNorris cannot be resolved to a type&#10;	ChuckNorris cannot be resolved to a type&#10;	Tanque cannot be resolved to a type&#10;	Tanque cannot be resolved to a type&#10;	ChuckNorris cannot be resolved to a type&#10;	ChuckNorris cannot be resolved to a type&#10;	Soldado cannot be resolved to a type&#10;	Soldado cannot be resolved to a type&#10;" type="java.lang.Error"><![CDATA[java.lang.Error: 
Unresolved compilation problems: 
	The declared package "" does not match the expected package "tu paquete"
	Soldado cannot be resolved to a type
	Soldado cannot be resolved to a type
	Tanque cannot be resolved to a type
	Tanque cannot be resolved to a type
	Buque cannot be resolved to a type
	Buque cannot be resolved to a type
	Soldado cannot be resolved to a type
	Soldado cannot be resolved to a type
	Soldado cannot be resolved to a type
	Soldado cannot be resolved to a type
	Tanque cannot be resolved to a type
	Tanque cannot be resolved to a type
	Tanque cannot be resolved to a type
	Tanque cannot be resolved to a type
	Buque cannot be resolved to a type
	Buque cannot be resolved to a type
	Tanque cannot be resolved to a type
	Tanque cannot be resolved to a type
	Soldado cannot be resolved to a type
	Soldado cannot be resolved to a type
	Soldado cannot be resolved to a type
	Soldado cannot be resolved to a type
	Tanque cannot be resolved to a type
	Tanque cannot be resolved to a type
	Tanque cannot be resolved to a type
	Tanque cannot be resolved to a type
	Buque cannot be resolved to a type
	Buque cannot be resolved to a type
	Tanque cannot be resolved to a type
	Tanque cannot be resolved to a type
	Soldado cannot be resolved to a type
	Soldado cannot be resolved to a type
	Escudo cannot be resolved to a type
	Escudo cannot be resolved to a type
	Soldado cannot be resolved to a type
	Soldado cannot be resolved to a type
	Tanque cannot be resolved to a type
	Tanque cannot be resolved to a type
	Escudo cannot be resolved to a type
	Escudo cannot be resolved to a type
	Tanque cannot be resolved to a type
	Tanque cannot be resolved to a type
	Buque cannot be resolved to a type
	Buque cannot be resolved to a type
	Escudo cannot be resolved to a type
	Escudo cannot be resolved to a type
	Tanque cannot be resolved to a type
	Tanque cannot be resolved to a type
	ChuckNorris cannot be resolved to a type
	ChuckNorris cannot be resolved to a type
	Tanque cannot be resolved to a type
	Tanque cannot be resolved to a type
	ChuckNorris cannot be resolved to a type
	ChuckNorris cannot be resolved to a type
	Soldado cannot be resolved to a type
	Soldado cannot be resolved to a type

	at tu paquete.EjercitoTest.<init>(EjercitoTest.java:1)
	at java.base/jdk.internal.reflect.DirectConstructorHandleAccessor.newInstance(DirectConstructorHandleAccessor.java:67)
	at java.base/java.lang.reflect.Constructor.newInstanceWithCaller(Constructor.java:499)
	at java.base/java.lang.reflect.Constructor.newInstance(Constructor.java:483)
	at org.junit.runners.BlockJUnit4ClassRunner.createTest(BlockJUnit4ClassRunner.java:250)
	at org.junit.runners.BlockJUnit4ClassRunner.createTest(BlockJUnit4ClassRunner.java:260)
	at org.junit.runners.BlockJUnit4ClassRunner$2.runReflectiveCall(BlockJUnit4ClassRunner.java:309)
	at org.junit.internal.runners.model.ReflectiveCallable.run(ReflectiveCallable.java:12)
	at org.junit.runners.BlockJUnit4ClassRunner.methodBlock(BlockJUnit4ClassRunner.java:306)
	at org.junit.runners.BlockJUnit4ClassRunner$1.evaluate(BlockJUnit4ClassRunner.java:100)
	at org.junit.runners.ParentRunner.runLeaf(ParentRunner.java:366)
	at org.junit.runners.BlockJUnit4ClassRunner.runChild(BlockJUnit4ClassRunner.java:103)
	at org.junit.runners.BlockJUnit4ClassRunner.runChild(BlockJUnit4ClassRunner.java:63)
	at org.junit.runners.ParentRunner$4.run(ParentRunner.java:331)
	at org.junit.runners.ParentRunner$1.schedule(ParentRunner.java:79)
	at org.junit.runners.ParentRunner.runChildren(ParentRunner.java:329)
	at org.junit.runners.ParentRunner.access$100(ParentRunner.java:66)
	at org.junit.runners.ParentRunner$2.evaluate(ParentRunner.java:293)
	at org.junit.runners.ParentRunner$3.evaluate(ParentRunner.java:306)
	at org.junit.runners.ParentRunner.run(ParentRunner.java:413)
	at org.apache.maven.surefire.junit4.JUnit4Provider.execute(JUnit4Provider.java:316)
	at org.apache.maven.surefire.junit4.JUnit4Provider.executeWithRerun(JUnit4Provider.java:240)
	at org.apache.maven.surefire.junit4.JUnit4Provider.executeTestSet(JUnit4Provider.java:214)
	at org.apache.maven.surefire.junit4.JUnit4Provider.invoke(JUnit4Provider.java:155)
	at org.apache.maven.surefire.booter.ForkedBooter.runSuitesInProcess(ForkedBooter.java:385)
	at org.apache.maven.surefire.booter.ForkedBooter.execute(ForkedBooter.java:162)
	at org.apache.maven.surefire.booter.ForkedBooter.run(ForkedBooter.java:507)
	at org.apache.maven.surefire.booter.ForkedBooter.main(ForkedBooter.java:495)
]]></error>
  </testcase>
  <testcase name="tanque_puede_preguntar_si_esta_vivo_o_muerto_Test" classname="tu paquete.EjercitoTest" time="0.0">
    <error message="Unresolved compilation problems: &#10;	The declared package &quot;&quot; does not match the expected package &quot;tu paquete&quot;&#10;	Soldado cannot be resolved to a type&#10;	Soldado cannot be resolved to a type&#10;	Tanque cannot be resolved to a type&#10;	Tanque cannot be resolved to a type&#10;	Buque cannot be resolved to a type&#10;	Buque cannot be resolved to a type&#10;	Soldado cannot be resolved to a type&#10;	Soldado cannot be resolved to a type&#10;	Soldado cannot be resolved to a type&#10;	Soldado cannot be resolved to a type&#10;	Tanque cannot be resolved to a type&#10;	Tanque cannot be resolved to a type&#10;	Tanque cannot be resolved to a type&#10;	Tanque cannot be resolved to a type&#10;	Buque cannot be resolved to a type&#10;	Buque cannot be resolved to a type&#10;	Tanque cannot be resolved to a type&#10;	Tanque cannot be resolved to a type&#10;	Soldado cannot be resolved to a type&#10;	Soldado cannot be resolved to a type&#10;	Soldado cannot be resolved to a type&#10;	Soldado cannot be resolved to a type&#10;	Tanque cannot be resolved to a type&#10;	Tanque cannot be resolved to a type&#10;	Tanque cannot be resolved to a type&#10;	Tanque cannot be resolved to a type&#10;	Buque cannot be resolved to a type&#10;	Buque cannot be resolved to a type&#10;	Tanque cannot be resolved to a type&#10;	Tanque cannot be resolved to a type&#10;	Soldado cannot be resolved to a type&#10;	Soldado cannot be resolved to a type&#10;	Escudo cannot be resolved to a type&#10;	Escudo cannot be resolved to a type&#10;	Soldado cannot be resolved to a type&#10;	Soldado cannot be resolved to a type&#10;	Tanque cannot be resolved to a type&#10;	Tanque cannot be resolved to a type&#10;	Escudo cannot be resolved to a type&#10;	Escudo cannot be resolved to a type&#10;	Tanque cannot be resolved to a type&#10;	Tanque cannot be resolved to a type&#10;	Buque cannot be resolved to a type&#10;	Buque cannot be resolved to a type&#10;	Escudo cannot be resolved to a type&#10;	Escudo cannot be resolved to a type&#10;	Tanque cannot be resolved to a type&#10;	Tanque cannot be resolved to a type&#10;	ChuckNorris cannot be resolved to a type&#10;	ChuckNorris cannot be resolved to a type&#10;	Tanque cannot be resolved to a type&#10;	Tanque cannot be resolved to a type&#10;	ChuckNorris cannot be resolved to a type&#10;	ChuckNorris cannot be resolved to a type&#10;	Soldado cannot be resolved to a type&#10;	Soldado cannot be resolved to a type&#10;" type="java.lang.Error"><![CDATA[java.lang.Error: 
Unresolved compilation problems: 
	The declared package "" does not match the expected package "tu paquete"
	Soldado cannot be resolved to a type
	Soldado cannot be resolved to a type
	Tanque cannot be resolved to a type
	Tanque cannot be resolved to a type
	Buque cannot be resolved to a type
	Buque cannot be resolved to a type
	Soldado cannot be resolved to a type
	Soldado cannot be resolved to a type
	Soldado cannot be resolved to a type
	Soldado cannot be resolved to a type
	Tanque cannot be resolved to a type
	Tanque cannot be resolved to a type
	Tanque cannot be resolved to a type
	Tanque cannot be resolved to a type
	Buque cannot be resolved to a type
	Buque cannot be resolved to a type
	Tanque cannot be resolved to a type
	Tanque cannot be resolved to a type
	Soldado cannot be resolved to a type
	Soldado cannot be resolved to a type
	Soldado cannot be resolved to a type
	Soldado cannot be resolved to a type
	Tanque cannot be resolved to a type
	Tanque cannot be resolved to a type
	Tanque cannot be resolved to a type
	Tanque cannot be resolved to a type
	Buque cannot be resolved to a type
	Buque cannot be resolved to a type
	Tanque cannot be resolved to a type
	Tanque cannot be resolved to a type
	Soldado cannot be resolved to a type
	Soldado cannot be resolved to a type
	Escudo cannot be resolved to a type
	Escudo cannot be resolved to a type
	Soldado cannot be resolved to a type
	Soldado cannot be resolved to a type
	Tanque cannot be resolved to a type
	Tanque cannot be resolved to a type
	Escudo cannot be resolved to a type
	Escudo cannot be resolved to a type
	Tanque cannot be resolved to a type
	Tanque cannot be resolved to a type
	Buque cannot be resolved to a type
	Buque cannot be resolved to a type
	Escudo cannot be resolved to a type
	Escudo cannot be resolved to a type
	Tanque cannot be resolved to a type
	Tanque cannot be resolved to a type
	ChuckNorris cannot be resolved to a type
	ChuckNorris cannot be resolved to a type
	Tanque cannot be resolved to a type
	Tanque cannot be resolved to a type
	ChuckNorris cannot be resolved to a type
	ChuckNorris cannot be resolved to a type
	Soldado cannot be resolved to a type
	Soldado cannot be resolved to a type

	at tu paquete.EjercitoTest.<init>(EjercitoTest.java:1)
	at java.base/jdk.internal.reflect.DirectConstructorHandleAccessor.newInstance(DirectConstructorHandleAccessor.java:67)
	at java.base/java.lang.reflect.Constructor.newInstanceWithCaller(Constructor.java:499)
	at java.base/java.lang.reflect.Constructor.newInstance(Constructor.java:483)
	at org.junit.runners.BlockJUnit4ClassRunner.createTest(BlockJUnit4ClassRunner.java:250)
	at org.junit.runners.BlockJUnit4ClassRunner.createTest(BlockJUnit4ClassRunner.java:260)
	at org.junit.runners.BlockJUnit4ClassRunner$2.runReflectiveCall(BlockJUnit4ClassRunner.java:309)
	at org.junit.internal.runners.model.ReflectiveCallable.run(ReflectiveCallable.java:12)
	at org.junit.runners.BlockJUnit4ClassRunner.methodBlock(BlockJUnit4ClassRunner.java:306)
	at org.junit.runners.BlockJUnit4ClassRunner$1.evaluate(BlockJUnit4ClassRunner.java:100)
	at org.junit.runners.ParentRunner.runLeaf(ParentRunner.java:366)
	at org.junit.runners.BlockJUnit4ClassRunner.runChild(BlockJUnit4ClassRunner.java:103)
	at org.junit.runners.BlockJUnit4ClassRunner.runChild(BlockJUnit4ClassRunner.java:63)
	at org.junit.runners.ParentRunner$4.run(ParentRunner.java:331)
	at org.junit.runners.ParentRunner$1.schedule(ParentRunner.java:79)
	at org.junit.runners.ParentRunner.runChildren(ParentRunner.java:329)
	at org.junit.runners.ParentRunner.access$100(ParentRunner.java:66)
	at org.junit.runners.ParentRunner$2.evaluate(ParentRunner.java:293)
	at org.junit.runners.ParentRunner$3.evaluate(ParentRunner.java:306)
	at org.junit.runners.ParentRunner.run(ParentRunner.java:413)
	at org.apache.maven.surefire.junit4.JUnit4Provider.execute(JUnit4Provider.java:316)
	at org.apache.maven.surefire.junit4.JUnit4Provider.executeWithRerun(JUnit4Provider.java:240)
	at org.apache.maven.surefire.junit4.JUnit4Provider.executeTestSet(JUnit4Provider.java:214)
	at org.apache.maven.surefire.junit4.JUnit4Provider.invoke(JUnit4Provider.java:155)
	at org.apache.maven.surefire.booter.ForkedBooter.runSuitesInProcess(ForkedBooter.java:385)
	at org.apache.maven.surefire.booter.ForkedBooter.execute(ForkedBooter.java:162)
	at org.apache.maven.surefire.booter.ForkedBooter.run(ForkedBooter.java:507)
	at org.apache.maven.surefire.booter.ForkedBooter.main(ForkedBooter.java:495)
]]></error>
  </testcase>
  <testcase name="soldado_puede_disparar_Test" classname="tu paquete.EjercitoTest" time="0.0">
    <error message="Unresolved compilation problems: &#10;	The declared package &quot;&quot; does not match the expected package &quot;tu paquete&quot;&#10;	Soldado cannot be resolved to a type&#10;	Soldado cannot be resolved to a type&#10;	Tanque cannot be resolved to a type&#10;	Tanque cannot be resolved to a type&#10;	Buque cannot be resolved to a type&#10;	Buque cannot be resolved to a type&#10;	Soldado cannot be resolved to a type&#10;	Soldado cannot be resolved to a type&#10;	Soldado cannot be resolved to a type&#10;	Soldado cannot be resolved to a type&#10;	Tanque cannot be resolved to a type&#10;	Tanque cannot be resolved to a type&#10;	Tanque cannot be resolved to a type&#10;	Tanque cannot be resolved to a type&#10;	Buque cannot be resolved to a type&#10;	Buque cannot be resolved to a type&#10;	Tanque cannot be resolved to a type&#10;	Tanque cannot be resolved to a type&#10;	Soldado cannot be resolved to a type&#10;	Soldado cannot be resolved to a type&#10;	Soldado cannot be resolved to a type&#10;	Soldado cannot be resolved to a type&#10;	Tanque cannot be resolved to a type&#10;	Tanque cannot be resolved to a type&#10;	Tanque cannot be resolved to a type&#10;	Tanque cannot be resolved to a type&#10;	Buque cannot be resolved to a type&#10;	Buque cannot be resolved to a type&#10;	Tanque cannot be resolved to a type&#10;	Tanque cannot be resolved to a type&#10;	Soldado cannot be resolved to a type&#10;	Soldado cannot be resolved to a type&#10;	Escudo cannot be resolved to a type&#10;	Escudo cannot be resolved to a type&#10;	Soldado cannot be resolved to a type&#10;	Soldado cannot be resolved to a type&#10;	Tanque cannot be resolved to a type&#10;	Tanque cannot be resolved to a type&#10;	Escudo cannot be resolved to a type&#10;	Escudo cannot be resolved to a type&#10;	Tanque cannot be resolved to a type&#10;	Tanque cannot be resolved to a type&#10;	Buque cannot be resolved to a type&#10;	Buque cannot be resolved to a type&#10;	Escudo cannot be resolved to a type&#10;	Escudo cannot be resolved to a type&#10;	Tanque cannot be resolved to a type&#10;	Tanque cannot be resolved to a type&#10;	ChuckNorris cannot be resolved to a type&#10;	ChuckNorris cannot be resolved to a type&#10;	Tanque cannot be resolved to a type&#10;	Tanque cannot be resolved to a type&#10;	ChuckNorris cannot be resolved to a type&#10;	ChuckNorris cannot be resolved to a type&#10;	Soldado cannot be resolved to a type&#10;	Soldado cannot be resolved to a type&#10;" type="java.lang.Error"><![CDATA[java.lang.Error: 
Unresolved compilation problems: 
	The declared package "" does not match the expected package "tu paquete"
	Soldado cannot be resolved to a type
	Soldado cannot be resolved to a type
	Tanque cannot be resolved to a type
	Tanque cannot be resolved to a type
	Buque cannot be resolved to a type
	Buque cannot be resolved to a type
	Soldado cannot be resolved to a type
	Soldado cannot be resolved to a type
	Soldado cannot be resolved to a type
	Soldado cannot be resolved to a type
	Tanque cannot be resolved to a type
	Tanque cannot be resolved to a type
	Tanque cannot be resolved to a type
	Tanque cannot be resolved to a type
	Buque cannot be resolved to a type
	Buque cannot be resolved to a type
	Tanque cannot be resolved to a type
	Tanque cannot be resolved to a type
	Soldado cannot be resolved to a type
	Soldado cannot be resolved to a type
	Soldado cannot be resolved to a type
	Soldado cannot be resolved to a type
	Tanque cannot be resolved to a type
	Tanque cannot be resolved to a type
	Tanque cannot be resolved to a type
	Tanque cannot be resolved to a type
	Buque cannot be resolved to a type
	Buque cannot be resolved to a type
	Tanque cannot be resolved to a type
	Tanque cannot be resolved to a type
	Soldado cannot be resolved to a type
	Soldado cannot be resolved to a type
	Escudo cannot be resolved to a type
	Escudo cannot be resolved to a type
	Soldado cannot be resolved to a type
	Soldado cannot be resolved to a type
	Tanque cannot be resolved to a type
	Tanque cannot be resolved to a type
	Escudo cannot be resolved to a type
	Escudo cannot be resolved to a type
	Tanque cannot be resolved to a type
	Tanque cannot be resolved to a type
	Buque cannot be resolved to a type
	Buque cannot be resolved to a type
	Escudo cannot be resolved to a type
	Escudo cannot be resolved to a type
	Tanque cannot be resolved to a type
	Tanque cannot be resolved to a type
	ChuckNorris cannot be resolved to a type
	ChuckNorris cannot be resolved to a type
	Tanque cannot be resolved to a type
	Tanque cannot be resolved to a type
	ChuckNorris cannot be resolved to a type
	ChuckNorris cannot be resolved to a type
	Soldado cannot be resolved to a type
	Soldado cannot be resolved to a type

	at tu paquete.EjercitoTest.<init>(EjercitoTest.java:1)
	at java.base/jdk.internal.reflect.DirectConstructorHandleAccessor.newInstance(DirectConstructorHandleAccessor.java:67)
	at java.base/java.lang.reflect.Constructor.newInstanceWithCaller(Constructor.java:499)
	at java.base/java.lang.reflect.Constructor.newInstance(Constructor.java:483)
	at org.junit.runners.BlockJUnit4ClassRunner.createTest(BlockJUnit4ClassRunner.java:250)
	at org.junit.runners.BlockJUnit4ClassRunner.createTest(BlockJUnit4ClassRunner.java:260)
	at org.junit.runners.BlockJUnit4ClassRunner$2.runReflectiveCall(BlockJUnit4ClassRunner.java:309)
	at org.junit.internal.runners.model.ReflectiveCallable.run(ReflectiveCallable.java:12)
	at org.junit.runners.BlockJUnit4ClassRunner.methodBlock(BlockJUnit4ClassRunner.java:306)
	at org.junit.runners.BlockJUnit4ClassRunner$1.evaluate(BlockJUnit4ClassRunner.java:100)
	at org.junit.runners.ParentRunner.runLeaf(ParentRunner.java:366)
	at org.junit.runners.BlockJUnit4ClassRunner.runChild(BlockJUnit4ClassRunner.java:103)
	at org.junit.runners.BlockJUnit4ClassRunner.runChild(BlockJUnit4ClassRunner.java:63)
	at org.junit.runners.ParentRunner$4.run(ParentRunner.java:331)
	at org.junit.runners.ParentRunner$1.schedule(ParentRunner.java:79)
	at org.junit.runners.ParentRunner.runChildren(ParentRunner.java:329)
	at org.junit.runners.ParentRunner.access$100(ParentRunner.java:66)
	at org.junit.runners.ParentRunner$2.evaluate(ParentRunner.java:293)
	at org.junit.runners.ParentRunner$3.evaluate(ParentRunner.java:306)
	at org.junit.runners.ParentRunner.run(ParentRunner.java:413)
	at org.apache.maven.surefire.junit4.JUnit4Provider.execute(JUnit4Provider.java:316)
	at org.apache.maven.surefire.junit4.JUnit4Provider.executeWithRerun(JUnit4Provider.java:240)
	at org.apache.maven.surefire.junit4.JUnit4Provider.executeTestSet(JUnit4Provider.java:214)
	at org.apache.maven.surefire.junit4.JUnit4Provider.invoke(JUnit4Provider.java:155)
	at org.apache.maven.surefire.booter.ForkedBooter.runSuitesInProcess(ForkedBooter.java:385)
	at org.apache.maven.surefire.booter.ForkedBooter.execute(ForkedBooter.java:162)
	at org.apache.maven.surefire.booter.ForkedBooter.run(ForkedBooter.java:507)
	at org.apache.maven.surefire.booter.ForkedBooter.main(ForkedBooter.java:495)
]]></error>
  </testcase>
  <testcase name="buque_puede_disparar_Test" classname="tu paquete.EjercitoTest" time="0.0">
    <error message="Unresolved compilation problems: &#10;	The declared package &quot;&quot; does not match the expected package &quot;tu paquete&quot;&#10;	Soldado cannot be resolved to a type&#10;	Soldado cannot be resolved to a type&#10;	Tanque cannot be resolved to a type&#10;	Tanque cannot be resolved to a type&#10;	Buque cannot be resolved to a type&#10;	Buque cannot be resolved to a type&#10;	Soldado cannot be resolved to a type&#10;	Soldado cannot be resolved to a type&#10;	Soldado cannot be resolved to a type&#10;	Soldado cannot be resolved to a type&#10;	Tanque cannot be resolved to a type&#10;	Tanque cannot be resolved to a type&#10;	Tanque cannot be resolved to a type&#10;	Tanque cannot be resolved to a type&#10;	Buque cannot be resolved to a type&#10;	Buque cannot be resolved to a type&#10;	Tanque cannot be resolved to a type&#10;	Tanque cannot be resolved to a type&#10;	Soldado cannot be resolved to a type&#10;	Soldado cannot be resolved to a type&#10;	Soldado cannot be resolved to a type&#10;	Soldado cannot be resolved to a type&#10;	Tanque cannot be resolved to a type&#10;	Tanque cannot be resolved to a type&#10;	Tanque cannot be resolved to a type&#10;	Tanque cannot be resolved to a type&#10;	Buque cannot be resolved to a type&#10;	Buque cannot be resolved to a type&#10;	Tanque cannot be resolved to a type&#10;	Tanque cannot be resolved to a type&#10;	Soldado cannot be resolved to a type&#10;	Soldado cannot be resolved to a type&#10;	Escudo cannot be resolved to a type&#10;	Escudo cannot be resolved to a type&#10;	Soldado cannot be resolved to a type&#10;	Soldado cannot be resolved to a type&#10;	Tanque cannot be resolved to a type&#10;	Tanque cannot be resolved to a type&#10;	Escudo cannot be resolved to a type&#10;	Escudo cannot be resolved to a type&#10;	Tanque cannot be resolved to a type&#10;	Tanque cannot be resolved to a type&#10;	Buque cannot be resolved to a type&#10;	Buque cannot be resolved to a type&#10;	Escudo cannot be resolved to a type&#10;	Escudo cannot be resolved to a type&#10;	Tanque cannot be resolved to a type&#10;	Tanque cannot be resolved to a type&#10;	ChuckNorris cannot be resolved to a type&#10;	ChuckNorris cannot be resolved to a type&#10;	Tanque cannot be resolved to a type&#10;	Tanque cannot be resolved to a type&#10;	ChuckNorris cannot be resolved to a type&#10;	ChuckNorris cannot be resolved to a type&#10;	Soldado cannot be resolved to a type&#10;	Soldado cannot be resolved to a type&#10;" type="java.lang.Error"><![CDATA[java.lang.Error: 
Unresolved compilation problems: 
	The declared package "" does not match the expected package "tu paquete"
	Soldado cannot be resolved to a type
	Soldado cannot be resolved to a type
	Tanque cannot be resolved to a type
	Tanque cannot be resolved to a type
	Buque cannot be resolved to a type
	Buque cannot be resolved to a type
	Soldado cannot be resolved to a type
	Soldado cannot be resolved to a type
	Soldado cannot be resolved to a type
	Soldado cannot be resolved to a type
	Tanque cannot be resolved to a type
	Tanque cannot be resolved to a type
	Tanque cannot be resolved to a type
	Tanque cannot be resolved to a type
	Buque cannot be resolved to a type
	Buque cannot be resolved to a type
	Tanque cannot be resolved to a type
	Tanque cannot be resolved to a type
	Soldado cannot be resolved to a type
	Soldado cannot be resolved to a type
	Soldado cannot be resolved to a type
	Soldado cannot be resolved to a type
	Tanque cannot be resolved to a type
	Tanque cannot be resolved to a type
	Tanque cannot be resolved to a type
	Tanque cannot be resolved to a type
	Buque cannot be resolved to a type
	Buque cannot be resolved to a type
	Tanque cannot be resolved to a type
	Tanque cannot be resolved to a type
	Soldado cannot be resolved to a type
	Soldado cannot be resolved to a type
	Escudo cannot be resolved to a type
	Escudo cannot be resolved to a type
	Soldado cannot be resolved to a type
	Soldado cannot be resolved to a type
	Tanque cannot be resolved to a type
	Tanque cannot be resolved to a type
	Escudo cannot be resolved to a type
	Escudo cannot be resolved to a type
	Tanque cannot be resolved to a type
	Tanque cannot be resolved to a type
	Buque cannot be resolved to a type
	Buque cannot be resolved to a type
	Escudo cannot be resolved to a type
	Escudo cannot be resolved to a type
	Tanque cannot be resolved to a type
	Tanque cannot be resolved to a type
	ChuckNorris cannot be resolved to a type
	ChuckNorris cannot be resolved to a type
	Tanque cannot be resolved to a type
	Tanque cannot be resolved to a type
	ChuckNorris cannot be resolved to a type
	ChuckNorris cannot be resolved to a type
	Soldado cannot be resolved to a type
	Soldado cannot be resolved to a type

	at tu paquete.EjercitoTest.<init>(EjercitoTest.java:1)
	at java.base/jdk.internal.reflect.DirectConstructorHandleAccessor.newInstance(DirectConstructorHandleAccessor.java:67)
	at java.base/java.lang.reflect.Constructor.newInstanceWithCaller(Constructor.java:499)
	at java.base/java.lang.reflect.Constructor.newInstance(Constructor.java:483)
	at org.junit.runners.BlockJUnit4ClassRunner.createTest(BlockJUnit4ClassRunner.java:250)
	at org.junit.runners.BlockJUnit4ClassRunner.createTest(BlockJUnit4ClassRunner.java:260)
	at org.junit.runners.BlockJUnit4ClassRunner$2.runReflectiveCall(BlockJUnit4ClassRunner.java:309)
	at org.junit.internal.runners.model.ReflectiveCallable.run(ReflectiveCallable.java:12)
	at org.junit.runners.BlockJUnit4ClassRunner.methodBlock(BlockJUnit4ClassRunner.java:306)
	at org.junit.runners.BlockJUnit4ClassRunner$1.evaluate(BlockJUnit4ClassRunner.java:100)
	at org.junit.runners.ParentRunner.runLeaf(ParentRunner.java:366)
	at org.junit.runners.BlockJUnit4ClassRunner.runChild(BlockJUnit4ClassRunner.java:103)
	at org.junit.runners.BlockJUnit4ClassRunner.runChild(BlockJUnit4ClassRunner.java:63)
	at org.junit.runners.ParentRunner$4.run(ParentRunner.java:331)
	at org.junit.runners.ParentRunner$1.schedule(ParentRunner.java:79)
	at org.junit.runners.ParentRunner.runChildren(ParentRunner.java:329)
	at org.junit.runners.ParentRunner.access$100(ParentRunner.java:66)
	at org.junit.runners.ParentRunner$2.evaluate(ParentRunner.java:293)
	at org.junit.runners.ParentRunner$3.evaluate(ParentRunner.java:306)
	at org.junit.runners.ParentRunner.run(ParentRunner.java:413)
	at org.apache.maven.surefire.junit4.JUnit4Provider.execute(JUnit4Provider.java:316)
	at org.apache.maven.surefire.junit4.JUnit4Provider.executeWithRerun(JUnit4Provider.java:240)
	at org.apache.maven.surefire.junit4.JUnit4Provider.executeTestSet(JUnit4Provider.java:214)
	at org.apache.maven.surefire.junit4.JUnit4Provider.invoke(JUnit4Provider.java:155)
	at org.apache.maven.surefire.booter.ForkedBooter.runSuitesInProcess(ForkedBooter.java:385)
	at org.apache.maven.surefire.booter.ForkedBooter.execute(ForkedBooter.java:162)
	at org.apache.maven.surefire.booter.ForkedBooter.run(ForkedBooter.java:507)
	at org.apache.maven.surefire.booter.ForkedBooter.main(ForkedBooter.java:495)
]]></error>
  </testcase>
  <testcase name="soldado_recibe_disparo_con_50_escudo_Test" classname="tu paquete.EjercitoTest" time="0.0">
[...]
Unresolved compilation problems: 
	The declared package "" does not match the expected package "tu paquete"
	Soldado cannot be resolved to a type
	Soldado cannot be resolved to a type
	Tanque cannot be resolved to a type
	Tanque cannot be resolved to a type
	Buque cannot be resolved to a type
	Buque cannot be resolved to a type
	Soldado cannot be resolved to a type
	Soldado cannot be resolved to a type
	Soldado cannot be resolved to a type
	Soldado cannot be resolved to a type
	Tanque cannot be resolved to a type
	Tanque cannot be resolved to a type
	Tanque cannot be resolved to a type
	Tanque cannot be resolved to a type
	Buque cannot be resolved to a type
	Buque cannot be resolved to a type
	Tanque cannot be resolved to a type
	Tanque cannot be resolved to a type
	Soldado cannot be resolved to a type
	Soldado cannot be resolved to a type
	Soldado cannot be resolved to a type
	Soldado cannot be resolved to a type
	Tanque cannot be resolved to a type
	Tanque cannot be resolved to a type
	Tanque cannot be resolved to a type
	Tanque cannot be resolved to a type
	Buque cannot be resolved to a type
	Buque cannot be resolved to a type
	Tanque cannot be resolved to a type
	Tanque cannot be resolved to a type
	Soldado cannot be resolved to a type
	Soldado cannot be resolved to a type
	Escudo cannot be resolved to a type
	Escudo cannot be resolved to a type
	Soldado cannot be resolved to a type
	Soldado cannot be resolved to a type
	Tanque cannot be resolved to a type
	Tanque cannot be resolved to a type
	Escudo cannot be resolved to a type
	Escudo cannot be resolved to a type
	Tanque cannot be resolved to a type
	Tanque cannot be resolved to a type
	Buque cannot be resolved to a type
	Buque cannot be resolved to a type
	Escudo cannot be resolved to a type
	Escudo cannot be resolved to a type
	Tanque cannot be resolved to a type
	Tanque cannot be resolved to a type
	ChuckNorris cannot be resolved to a type
	ChuckNorris cannot be resolved to a type
	Tanque cannot be resolved to a type
	Tanque cannot be resolved to a type
	ChuckNorris cannot be resolved to a type
	ChuckNorris cannot be resolved to a type
	Soldado cannot be resolved to a type
	Soldado cannot be resolved to a type

	at tu paquete.EjercitoTest.<init>(EjercitoTest.java:1)
	at java.base/jdk.internal.reflect.DirectConstructorHandleAccessor.newInstance(DirectConstructorHandleAccessor.java:67)
	at java.base/java.lang.reflect.Constructor.newInstanceWithCaller(Constructor.java:499)
	at java.base/java.lang.reflect.Constructor.newInstance(Constructor.java:483)
	at org.junit.runners.BlockJUnit4ClassRunner.createTest(BlockJUnit4ClassRunner.java:250)
	at org.junit.runners.BlockJUnit4ClassRunner.createTest(BlockJUnit4ClassRunner.java:260)
	at org.junit.runners.BlockJUnit4ClassRunner$2.runReflectiveCall(BlockJUnit4ClassRunner.java:309)
	at org.junit.internal.runners.model.ReflectiveCallable.run(ReflectiveCallable.java:12)
	at org.junit.runners.BlockJUnit4ClassRunner.methodBlock(BlockJUnit4ClassRunner.java:306)
	at org.junit.runners.BlockJUnit4ClassRunner$1.evaluate(BlockJUnit4ClassRunner.java:100)
	at org.junit.runners.ParentRunner.runLeaf(ParentRunner.java:366)
	at org.junit.runners.BlockJUnit4ClassRunner.runChild(BlockJUnit4ClassRunner.java:103)
	at org.junit.runners.BlockJUnit4ClassRunner.runChild(BlockJUnit4ClassRunner.java:63)
	at org.junit.runners.ParentRunner$4.run(ParentRunner.java:331)
	at org.junit.runners.ParentRunner$1.schedule(ParentRunner.java:79)
	at org.junit.runners.ParentRunner.runChildren(ParentRunner.java:329)
	at org.junit.runners.ParentRunner.access$100(ParentRunner.java:66)
	at org.junit.runners.ParentRunner$2.evaluate(ParentRunner.java:293)
	at org.junit.runners.ParentRunner$3.evaluate(ParentRunner.java:306)
	at org.junit.runners.ParentRunner.run(ParentRunner.java:413)
	at org.apache.maven.surefire.junit4.JUnit4Provider.execute(JUnit4Provider.java:316)
	at org.apache.maven.surefire.junit4.JUnit4Provider.executeWithRerun(JUnit4Provider.java:240)
	at org.apache.maven.surefire.junit4.JUnit4Provider.executeTestSet(JUnit4Provider.java:214)
	at org.apache.maven.surefire.junit4.JUnit4Provider.invoke(JUnit4Provider.java:155)
	at org.apache.maven.surefire.booter.ForkedBooter.runSuitesInProcess(ForkedBooter.java:385)
	at org.apache.maven.surefire.booter.ForkedBooter.execute(ForkedBooter.java:162)
	at org.apache.maven.surefire.booter.ForkedBooter.run(ForkedBooter.java:507)
	at org.apache.maven.surefire.booter.ForkedBooter.main(ForkedBooter.java:495)
]]></error>
  </testcase>
  <testcase name="soldado_puede_preguntar_si_esta_vivo_o_muerto_Test" classname="tu paquete.EjercitoTest" time="0.0">
    <error message="Unresolved compilation problems: &#10;	The declared package &quot;&quot; does not match the expected package &quot;tu paquete&quot;&#10;	Soldado cannot be resolved to a type&#10;	Soldado cannot be resolved to a type&#10;	Tanque cannot be resolved to a type&#10;	Tanque cannot be resolved to a type&#10;	Buque cannot be resolved to a type&#10;	Buque cannot be resolved to a type&#10;	Soldado cannot be resolved to a type&#10;	Soldado cannot be resolved to a type&#10;	Soldado cannot be resolved to a type&#10;	Soldado cannot be resolved to a type&#10;	Tanque cannot be resolved to a type&#10;	Tanque cannot be resolved to a type&#10;	Tanque cannot be resolved to a type&#10;	Tanque cannot be resolved to a type&#10;	Buque cannot be resolved to a type&#10;	Buque cannot be resolved to a type&#10;	Tanque cannot be resolved to a type&#10;	Tanque cannot be resolved to a type&#10;	Soldado cannot be resolved to a type&#10;	Soldado cannot be resolved to a type&#10;	Soldado cannot be resolved to a type&#10;	Soldado cannot be resolved to a type&#10;	Tanque cannot be resolved to a type&#10;	Tanque cannot be resolved to a type&#10;	Tanque cannot be resolved to a type&#10;	Tanque cannot be resolved to a type&#10;	Buque cannot be resolved to a type&#10;	Buque cannot be resolved to a type&#10;	Tanque cannot be resolved to a type&#10;	Tanque cannot be resolved to a type&#10;	Soldado cannot be resolved to a type&#10;	Soldado cannot be resolved to a type&#10;	Escudo cannot be resolved to a type&#10;	Escudo cannot be resolved to a type&#10;	Soldado cannot be resolved to a type&#10;	Soldado cannot be resolved to a type&#10;	Tanque cannot be resolved to a type&#10;	Tanque cannot be resolved to a type&#10;	Escudo cannot be resolved to a type&#10;	Escudo cannot be resolved to a type&#10;	Tanque cannot be resolved to a type&#10;	Tanque cannot be resolved to a type&#10;	Buque cannot be resolved to a type&#10;	Buque cannot be resolved to a type&#10;	Escudo cannot be resolved to a type&#10;	Escudo cannot be resolved to a type&#10;	Tanque cannot be resolved to a type&#10;	Tanque cannot be resolved to a type&#10;	ChuckNorris cannot be resolved to a type&#10;	ChuckNorris cannot be resolved to a type&#10;	Tanque cannot be resolved to a type&#10;	Tanque cannot be resolved to a type&#10;	ChuckNorris cannot be resolved to a type&#10;	ChuckNorris cannot be resolved to a type&#10;	Soldado cannot be resolved to a type&#10;	Soldado cannot be resolved to a type&#10;" type="java.lang.Error"><![CDATA[java.lang.Error: 
Unresolved compilation problems: 
	The declared package "" does not match the expected package "tu paquete"
	Soldado cannot be resolved to a type
	Soldado cannot be resolved to a type
	Tanque cannot be resolved to a type
	Tanque cannot be resolved to a type
	Buque cannot be resolved to a type
	Buque cannot be resolved to a type
	Soldado cannot be resolved to a type
	Soldado cannot be resolved to a type
	Soldado cannot be resolved to a type
	Soldado cannot be resolved to a type
	Tanque cannot be resolved to a type
	Tanque cannot be resolved to a type
	Tanque cannot be resolved to a type
	Tanque cannot be resolved to a type
	Buque cannot be resolved to a type
	Buque cannot be resolved to a type
	Tanque cannot be resolved to a type
	Tanque cannot be resolved to a type
	Soldado cannot be resolved to a type
	Soldado cannot be resolved to a type
	Soldado cannot be resolved to a type
	Soldado cannot be resolved to a type
	Tanque cannot be resolved to a type
	Tanque cannot be resolved to a type
	Tanque cannot be resolved to a type
	Tanque cannot be resolved to a type
	Buque cannot be resolved to a type
	Buque cannot be resolved to a type
	Tanque cannot be resolved to a type
	Tanque cannot be resolved to a type
	Soldado cannot be resolved to a type
	Soldado cannot be resolved to a type
	Escudo cannot be resolved to a type
	Escudo cannot be resolved to a type
	Soldado cannot be resolved to a type
	Soldado cannot be resolved to a type
	Tanque cannot be resolved to a type
	Tanque cannot be resolved to a type
	Escudo cannot be resolved to a type
	Escudo cannot be resolved to a type
	Tanque cannot be resolved to a type
	Tanque cannot be resolved to a type
	Buque cannot be resolved to a type
	Buque cannot be resolved to a type
	Escudo cannot be resolved to a type
	Escudo cannot be resolved to a type
	Tanque cannot be resolved to a type
	Tanque cannot be resolved to a type
	ChuckNorris cannot be resolved to a type
	ChuckNorris cannot be resolved to a type
	Tanque cannot be resolved to a type
	Tanque cannot be resolved to a type
	ChuckNorris cannot be resolved to a type
	ChuckNorris cannot be resolved to a type
	Soldado cannot be resolved to a type
	Soldado cannot be resolved to a type

	at tu paquete.EjercitoTest.<init>(EjercitoTest.java:1)
	at java.base/jdk.internal.reflect.DirectConstructorHandleAccessor.newInstance(DirectConstructorHandleAccessor.java:67)
	at java.base/java.lang.reflect.Constructor.newInstanceWithCaller(Constructor.java:499)
	at java.base/java.lang.reflect.Constructor.newInstance(Constructor.java:483)
	at org.junit.runners.BlockJUnit4ClassRunner.createTest(BlockJUnit4ClassRunner.java:250)
	at org.junit.runners.BlockJUnit4ClassRunner.createTest(BlockJUnit4ClassRunner.java:260)
	at org.junit.runners.BlockJUnit4ClassRunner$2.runReflectiveCall(BlockJUnit4ClassRunner.java:309)
	at org.junit.internal.runners.model.ReflectiveCallable.run(ReflectiveCallable.java:12)
	at org.junit.runners.BlockJUnit4ClassRunner.methodBlock(BlockJUnit4ClassRunner.java:306)
	at org.junit.runners.BlockJUnit4ClassRunner$1.evaluate(BlockJUnit4ClassRunner.java:100)
	at org.junit.runners.ParentRunner.runLeaf(ParentRunner.java:366)
	at org.junit.runners.BlockJUnit4ClassRunner.runChild(BlockJUnit4ClassRunner.java:103)
	at org.junit.runners.BlockJUnit4ClassRunner.runChild(BlockJUnit4ClassRunner.java:63)
	at org.junit.runners.ParentRunner$4.run(ParentRunner.java:331)
	at org.junit.runners.ParentRunner$1.schedule(ParentRunner.java:79)
	at org.junit.runners.ParentRunner.runChildren(ParentRunner.java:329)
	at org.junit.runners.ParentRunner.access$100(ParentRunner.java:66)
	at org.junit.runners.ParentRunner$2.evaluate(ParentRunner.java:293)
	at org.junit.runners.ParentRunner$3.evaluate(ParentRunner.java:306)
	at org.junit.runners.ParentRunner.run(ParentRunner.java:413)
	at org.apache.maven.surefire.junit4.JUnit4Provider.execute(JUnit4Provider.java:316)
	at org.apache.maven.surefire.junit4.JUnit4Provider.executeWithRerun(JUnit4Provider.java:240)
	at org.apache.maven.surefire.junit4.JUnit4Provider.executeTestSet(JUnit4Provider.java:214)
	at org.apache.maven.surefire.junit4.JUnit4Provider.invoke(JUnit4Provider.java:155)
	at org.apache.maven.surefire.booter.ForkedBooter.runSuitesInProcess(ForkedBooter.java:385)
	at org.apache.maven.surefire.booter.ForkedBooter.execute(ForkedBooter.java:162)
	at org.apache.maven.surefire.booter.ForkedBooter.run(ForkedBooter.java:507)
	at org.apache.maven.surefire.booter.ForkedBooter.main(ForkedBooter.java:495)
]]></error>
  </testcase>
  <testcase name="soldado_puede_recibir_disparo_y_muere_de_1_disparo" classname="tu paquete.EjercitoTest" time="0.0">
    <error message="Unresolved compilation problems: &#10;	The declared package &quot;&quot; does not match the expected package &quot;tu paquete&quot;&#10;	Soldado cannot be resolved to a type&#10;	Soldado cannot be resolved to a type&#10;	Tanque cannot be resolved to a type&#10;	Tanque cannot be resolved to a type&#10;	Buque cannot be resolved to a type&#10;	Buque cannot be resolved to a type&#10;	Soldado cannot be resolved to a type&#10;	Soldado cannot be resolved to a type&#10;	Soldado cannot be resolved to a type&#10;	Soldado cannot be resolved to a type&#10;	Tanque cannot be resolved to a type&#10;	Tanque cannot be resolved to a type&#10;	Tanque cannot be resolved to a type&#10;	Tanque cannot be resolved to a type&#10;	Buque cannot be resolved to a type&#10;	Buque cannot be resolved to a type&#10;	Tanque cannot be resolved to a type&#10;	Tanque cannot be resolved to a type&#10;	Soldado cannot be resolved to a type&#10;	Soldado cannot be resolved to a type&#10;	Soldado cannot be resolved to a type&#10;	Soldado cannot be resolved to a type&#10;	Tanque cannot be resolved to a type&#10;	Tanque cannot be resolved to a type&#10;	Tanque cannot be resolved to a type&#10;	Tanque cannot be resolved to a type&#10;	Buque cannot be resolved to a type&#10;	Buque cannot be resolved to a type&#10;	Tanque cannot be resolved to a type&#10;	Tanque cannot be resolved to a type&#10;	Soldado cannot be resolved to a type&#10;	Soldado cannot be resolved to a type&#10;	Escudo cannot be resolved to a type&#10;	Escudo cannot be resolved to a type&#10;	Soldado cannot be resolved to a type&#10;	Soldado cannot be resolved to a type&#10;	Tanque cannot be resolved to a type&#10;	Tanque cannot be resolved to a type&#10;	Escudo cannot be resolved to a type&#10;	Escudo cannot be resolved to a type&#10;	Tanque cannot be resolved to a type&#10;	Tanque cannot be resolved to a type&#10;	Buque cannot be resolved to a type&#10;	Buque cannot be resolved to a type&#10;	Escudo cannot be resolved to a type&#10;	Escudo cannot be resolved to a type&#10;	Tanque cannot be resolved to a type&#10;	Tanque cannot be resolved to a type&#10;	ChuckNorris cannot be resolved to a type&#10;	ChuckNorris cannot be resolved to a type&#10;	Tanque cannot be resolved to a type&#10;	Tanque cannot be resolved to a type&#10;	ChuckNorris cannot be resolved to a type&#10;	ChuckNorris cannot be resolved to a type&#10;	Soldado cannot be resolved to a type&#10;	Soldado cannot be resolved to a type&#10;" type="java.lang.Error"><![CDATA[java.lang.Error: 
Unresolved compilation problems: 
	The declared package "" does not match the expected package "tu paquete"
	Soldado cannot be resolved to a type
	Soldado cannot be resolved to a type
	Tanque cannot be resolved to a type
	Tanque cannot be resolved to a type
	Buque cannot be resolved to a type
	Buque cannot be resolved to a type
	Soldado cannot be resolved to a type
	Soldado cannot be resolved to a type
	Soldado cannot be resolved to a type
	Soldado cannot be resolved to a type
	Tanque cannot be resolved to a type
	Tanque cannot be resolved to a type
	Tanque cannot be resolved to a type
	Tanque cannot be resolved to a type
	Buque cannot be resolved to a type
	Buque cannot be resolved to a type
	Tanque cannot be resolved to a type
	Tanque cannot be resolved to a type
	Soldado cannot be resolved to a type
	Soldado cannot be resolved to a type
	Soldado cannot be resolved to a type
	Soldado cannot be resolved to a type
	Tanque cannot be resolved to a type
	Tanque cannot be resolved to a type
	Tanque cannot be resolved to a type
	Tanque cannot be resolved to a type
	Buque cannot be resolved to a type
	Buque cannot be resolved to a type
	Tanque cannot be resolved to a type
	Tanque cannot be resolved to a type
	Soldado cannot be resolved to a type
	Soldado cannot be resolved to a type
	Escudo cannot be resolved to a type
	Escudo cannot be resolved to a type
	Soldado cannot be resolved to a type
	Soldado cannot be resolved to a type
	Tanque cannot be resolved to a type
	Tanque cannot be resolved to a type
	Escudo cannot be resolved to a type
	Escudo cannot be resolved to a type
	Tanque cannot be resolved to a type
	Tanque cannot be resolved to a type
	Buque cannot be resolved to a type
	Buque cannot be resolved to a type
	Escudo cannot be resolved to a type
	Escudo cannot be resolved to a type
	Tanque cannot be resolved to a type
	Tanque cannot be resolved to a type
	ChuckNorris cannot be resolved to a type
	ChuckNorris cannot be resolved to a type
	Tanque cannot be resolved to a type
	Tanque cannot be resolved to a type
	ChuckNorris cannot be resolved to a type
	ChuckNorris cannot be resolved to a type
	Soldado cannot be resolved to a type
	Soldado cannot be resolved to a type

	at tu paquete.EjercitoTest.<init>(EjercitoTest.java:1)
	at java.base/jdk.internal.reflect.DirectConstructorHandleAccessor.newInstance(DirectConstructorHandleAccessor.java:67)
	at java.base/java.lang.reflect.Constructor.newInstanceWithCaller(Constructor.java:499)
	at java.base/java.lang.reflect.Constructor.newInstance(Constructor.java:483)
	at org.junit.runners.BlockJUnit4ClassRunner.createTest(BlockJUnit4ClassRunner.java:250)
	at org.junit.runners.BlockJUnit4ClassRunner.createTest(BlockJUnit4ClassRunner.java:260)
	at org.junit.runners.BlockJUnit4ClassRunner$2.runReflectiveCall(BlockJUnit4ClassRunner.java:309)
	at org.junit.internal.runners.model.ReflectiveCallable.run(ReflectiveCallable.java:12)
	at org.junit.runners.BlockJUnit4ClassRunner.methodBlock(BlockJUnit4ClassRunner.java:306)
	at org.junit.runners.BlockJUnit4ClassRunner$1.evaluate(BlockJUnit4ClassRunner.java:100)
	at org.junit.runners.ParentRunner.runLeaf(ParentRunner.java:366)
	at org.junit.runners.BlockJUnit4ClassRunner.runChild(BlockJUnit4ClassRunner.java:103)
	at org.junit.runners.BlockJUnit4ClassRunner.runChild(BlockJUnit4ClassRunner.java:63)
	at org.junit.runners.ParentRunner$4.run(ParentRunner.java:331)
	at org.junit.runners.ParentRunner$1.schedule(ParentRunner.java:79)
	at org.junit.runners.ParentRunner.runChildren(ParentRunner.java:329)
	at org.junit.runners.ParentRunner.access$100(ParentRunner.java:66)
	at org.junit.runners.ParentRunner$2.evaluate(ParentRunner.java:293)
	at org.junit.runners.ParentRunner$3.evaluate(ParentRunner.java:306)
	at org.junit.runners.ParentRunner.run(ParentRunner.java:413)
	at org.apache.maven.surefire.junit4.JUnit4Provider.execute(JUnit4Provider.java:316)
	at org.apache.maven.surefire.junit4.JUnit4Provider.executeWithRerun(JUnit4Provider.java:240)
	at org.apache.maven.surefire.junit4.JUnit4Provider.executeTestSet(JUnit4Provider.java:214)
	at org.apache.maven.surefire.junit4.JUnit4Provider.invoke(JUnit4Provider.java:155)
	at org.apache.maven.surefire.booter.ForkedBooter.runSuitesInProcess(ForkedBooter.java:385)
	at org.apache.maven.surefire.booter.ForkedBooter.execute(ForkedBooter.java:162)
	at org.apache.maven.surefire.booter.ForkedBooter.run(ForkedBooter.java:507)
	at org.apache.maven.surefire.booter.ForkedBooter.main(ForkedBooter.java:495)
]]></error>
  </testcase>
</testsuite>