-------------------------------------------------------------------------------
Test set: tu paquete.EjercitoTest
-------------------------------------------------------------------------------
Tests run: 14, Failures: 0, Errors: 14, Skipped: 0, Time elapsed: 0 s <<< FAILURE! -- in tu paquete.EjercitoTest
tu paquete.EjercitoTest.chucknorris_puede_matar_Test -- Time elapsed: 0 s <<< ERROR!
java.lang.Error: 
Unresolved compilation problems: 
	The declared package "" does not match the expected package "tu paquete"
	Soldado cannot be resolved to a type
	Soldado cannot be resolved to a type
	Tanque cannot be resolved to a type
	Tanque cannot be resolved to a type
	Buque cannot be resolved to a type
	Buque cannot be resolved to a type
	Soldado cannot be resolved to a type
	Soldado cannot be resolved to a type
	Soldado cannot be resolved to a type
	Soldado cannot be resolved to a type
	Tanque cannot be resolved to a type
	Tanque cannot be resolved to a type
	Tanque cannot be resolved to a type
	Tanque cannot be resolved to a type
	Buque cannot be resolved to a type
	Buque cannot be resolved to a type
	Tanque cannot be resolved to a type
	Tanque cannot be resolved to a type
	Soldado cannot be resolved to a type
	Soldado cannot be resolved to a type
	Soldado cannot be resolved to a type
	Soldado cannot be resolved to a type
	Tanque cannot be resolved to a type
	Tanque cannot be resolved to a type
	Tanque cannot be resolved to a type
	Tanque cannot be resolved to a type
	Buque cannot be resolved to a type
	Buque cannot be resolved to a type
	Tanque cannot be resolved to a type
	Tanque cannot be resolved to a type
	Soldado cannot be resolved to a type
	Soldado cannot be resolved to a type
	Escudo cannot be resolved to a type
	Escudo cannot be resolved to a type
	Soldado cannot be resolved to a type
	Soldado cannot be resolved to a type
	Tanque cannot be resolved to a type
	Tanque cannot be resolved to a type
	Escudo cannot be resolved to a type
	Escudo cannot be resolved to a type
	Tanque cannot be resolved to a type
	Tanque cannot be resolved to a type
	Buque cannot be resolved to a type
	Buque cannot be resolved to a type
	Escudo cannot be resolved to a type
	Escudo cannot be resolved to a type
	Tanque cannot be resolved to a type
	Tanque cannot be resolved to a type
	ChuckNorris cannot be resolved to a type
	ChuckNorris cannot be resolved to a type
	Tanque cannot be resolved to a type
	Tanque cannot be resolved to a type
	ChuckNorris cannot be resolved to a type
	ChuckNorris cannot be resolved to a type
	Soldado cannot be resolved to a type
	Soldado cannot be resolved to a type

	at tu paquete.EjercitoTest.<init>(EjercitoTest.java:1)
	at java.base/jdk.internal.reflect.DirectConstructorHandleAccessor.newInstance(DirectConstructorHandleAccessor.java:67)
	at java.base/java.lang.reflect.Constructor.newInstanceWithCaller(Constructor.java:499)
	at java.base/java.lang.reflect.Constructor.newInstance(Constructor.java:483)
	at org.junit.runners.BlockJUnit4ClassRunner.createTest(BlockJUnit4ClassRunner.java:250)
	at org.junit.runners.BlockJUnit4ClassRunner.createTest(BlockJUnit4ClassRunner.java:260)
	at org.junit.runners.BlockJUnit4ClassRunner$2.runReflectiveCall(BlockJUnit4ClassRunner.java:309)
	at org.junit.internal.runners.model.ReflectiveCallable.run(ReflectiveCallable.java:12)
	at org.junit.runners.BlockJUnit4ClassRunner.methodBlock(BlockJUnit4ClassRunner.java:306)
	at org.junit.runners.BlockJUnit4ClassRunner$1.evaluate(BlockJUnit4ClassRunner.java:100)
	at org.junit.runners.ParentRunner.runLeaf(ParentRunner.java:366)
	at org.junit.runners.BlockJUnit4ClassRunner.runChild(BlockJUnit4ClassRunner.java:103)
	at org.junit.runners.BlockJUnit4ClassRunner.runChild(BlockJUnit4ClassRunner.java:63)
	at org.junit.runners.ParentRunner$4.run(ParentRunner.java:331)
	at org.junit.runners.ParentRunner$1.schedule(ParentRunner.java:79)
	at org.junit.runners.ParentRunner.runChildren(ParentRunner.java:329)
	at org.junit.runners.ParentRunner.access$100(ParentRunner.java:66)
	at org.junit.runners.ParentRunner$2.evaluate(ParentRunner.java:293)
	at org.junit.runners.ParentRunner$3.evaluate(ParentRunner.java:306)
	at org.junit.runners.ParentRunner.run(ParentRunner.java:413)
	at org.apache.maven.surefire.junit4.JUnit4Provider.execute(JUnit4Provider.java:316)
	at org.apache.maven.surefire.junit4.JUnit4Provider.executeWithRerun(JUnit4Provider.java:240)
	at org.apache.maven.surefire.junit4.JUnit4Provider.executeTestSet(JUnit4Provider.java:214)
	at org.apache.maven.surefire.junit4.JUnit4Provider.invoke(JUnit4Provider.java:155)
	at org.apache.maven.surefire.booter.ForkedBooter.runSuitesInProcess(ForkedBooter.java:385)
	at org.apache.maven.surefire.booter.ForkedBooter.execute(ForkedBooter.java:162)
	at org.apache.maven.surefire.booter.ForkedBooter.run(ForkedBooter.java:507)
	at org.apache.maven.surefire.booter.ForkedBooter.main(ForkedBooter.java:495)

tu paquete.EjercitoTest.tanque_puede_disparar_Test -- Time elapsed: 0 s <<< ERROR!
java.lang.Error: 
Unresolved compilation problems: 
	The declared package "" does not match the expected package "tu paquete"
	Soldado cannot be resolved to a type
	Soldado cannot be resolved to a type
	Tanque cannot be resolved to a type
	Tanque cannot be resolved to a type
	Buque cannot be resolved to a type
	Buque cannot be resolved to a type
	Soldado cannot be resolved to a type
	Soldado cannot be resolved to a type
	Soldado cannot be resolved to a type
	Soldado cannot be resolved to a type
	Tanque cannot be resolved to a type
	Tanque cannot be resolved to a type
	Tanque cannot be resolved to a type
	Tanque cannot be resolved to a type
	Buque cannot be resolved to a type
	Buque cannot be resolved to a type
	Tanque cannot be resolved to a type
	Tanque cannot be resolved to a type
	Soldado cannot be resolved to a type
	Soldado cannot be resolved to a type
	Soldado cannot be resolved to a type
	Soldado cannot be resolved to a type
	Tanque cannot be resolved to a type
	Tanque cannot be resolved to a type
	Tanque cannot be resolved to a type
	Tanque cannot be resolved to a type
	Buque cannot be resolved to a type
	Buque cannot be resolved to a type
	Tanque cannot be resolved to a type
	Tanque cannot be resolved to a type
	Soldado cannot be resolved to a type
	Soldado cannot be resolved to a type
	Escudo cannot be resolved to a type
	Escudo cannot be resolved to a type
	Soldado cannot be resolved to a type
	Soldado cannot be resolved to a type
	Tanque cannot be resolved to a type
	Tanque cannot be resolved to a type
	Escudo cannot be resolved to a type
	Escudo cannot be resolved to a type
	Tanque cannot be resolved to a type
	Tanque cannot be resolved to a type
	Buque cannot be resolved to a type
	Buque cannot be resolved to a type
	Escudo cannot be resolved to a type
	Escudo cannot be resolved to a type
	Tanque cannot be resolved to a type
	Tanque cannot be resolved to a type
	ChuckNorris cannot be resolved to a type
	ChuckNorris cannot be resolved to a type
	Tanque cannot be resolved to a type
	Tanque cannot be resolved to a type
	ChuckNorris cannot be resolved to a type
	ChuckNorris cannot be resolved to a type
	Soldado cannot be resolved to a type
	Soldado cannot be resolved to a type

	at tu paquete.EjercitoTest.<init>(EjercitoTest.java:1)
	at java.base/jdk.internal.reflect.DirectConstructorHandleAccessor.newInstance(DirectConstructorHandleAccessor.java:67)
	at java.base/java.lang.reflect.Constructor.newInstanceWithCaller(Constructor.java:499)
	at java.base/java.lang.reflect.Constructor.newInstance(Constructor.java:483)
	at org.junit.runners.BlockJUnit4ClassRunner.createTest(BlockJUnit4ClassRunner.java:250)
	at org.junit.runners.BlockJUnit4ClassRunner.createTest(BlockJUnit4ClassRunner.java:260)
	at org.junit.runners.BlockJUnit4ClassRunner$2.runReflectiveCall(BlockJUnit4ClassRunner.java:309)
	at org.junit.internal.runners.model.ReflectiveCallable.run(ReflectiveCallable.java:12)
	at org.junit.runners.BlockJUnit4ClassRunner.methodBlock(BlockJUnit4ClassRunner.java:306)
	at org.junit.runners.BlockJUnit4ClassRunner$1.evaluate(BlockJUnit4ClassRunner.java:100)
	at org.junit.runners.ParentRunner.runLeaf(ParentRunner.java:366)
	at org.junit.runners.BlockJUnit4ClassRunner.runChild(BlockJUnit4ClassRunner.java:103)
	at org.junit.runners.BlockJUnit4ClassRunner.runChild(BlockJUnit4ClassRunner.java:63)
	at org.junit.runners.ParentRunner$4.run(ParentRunner.java:331)
	at org.junit.runners.ParentRunner$1.schedule(ParentRunner.java:79)
	at org.junit.runners.ParentRunner.runChildren(ParentRunner.java:329)
	at org.junit.runners.ParentRunner.access$100(ParentRunner.java:66)
	at org.junit.runners.ParentRunner$2.evaluate(ParentRunner.java:293)
	at org.junit.runners.ParentRunner$3.evaluate(ParentRunner.java:306)
	at org.junit.runners.ParentRunner.run(ParentRunner.java:413)
	at org.apache.maven.surefire.junit4.JUnit4Provider.execute(JUnit4Provider.java:316)
	at org.apache.maven.surefire.junit4.JUnit4Provider.executeWithRerun(JUnit4Provider.java:240)
	at org.apache.maven.surefire.junit4.JUnit4Provider.executeTestSet(JUnit4Provider.java:214)
	at org.apache.maven.surefire.junit4.JUnit4Provider.invoke(JUnit4Provider.java:155)
	at org.apache.maven.surefire.booter.ForkedBooter.runSuitesInProcess(ForkedBooter.java:385)
	at org.apache.maven.surefire.booter.ForkedBooter.execute(ForkedBooter.java:162)
	at org.apache.maven.surefire.booter.ForkedBooter.run(ForkedBooter.java:507)
	at org.apache.maven.surefire.booter.ForkedBooter.main(ForkedBooter.java:495)

tu paquete.EjercitoTest.tanque_puede_recibir_disparo_y_muere_de_2_disparos -- Time elapsed: 0 s <<< ERROR!
java.lang.Error: 
Unresolved compilation problems: 
	The declared package "" does not match the expected package "tu paquete"
	Soldado cannot be resolved to a type
	Soldado cannot be resolved to a type
	Tanque cannot be resolved to a type
	Tanque cannot be resolved to a type
	Buque cannot be resolved to a type
	Buque cannot be resolved to a type
	Soldado cannot be resolved to a type
	Soldado cannot be resolved to a type
	Soldado cannot be resolved to a type
	Soldado cannot be resolved to a type
	Tanque cannot be resolved to a type
	Tanque cannot be resolved to a type
	Tanque cannot be resolved to a type
	Tanque cannot be resolved to a type
	Buque cannot be resolved to a type
	Buque cannot be resolved to a type
	Tanque cannot be resolved to a type
	Tanque cannot be resolved to a type
	Soldado cannot be resolved to a type
	Soldado cannot be resolved to a type
	Soldado cannot be resolved to a type
	Soldado cannot be resolved to a type
	Tanque cannot be resolved to a type
	Tanque cannot be resolved to a type
	Tanque cannot be resolved to a type
	Tanque cannot be resolved to a type
	Buque cannot be resolved to a type
	Buque cannot be resolved to a type
	Tanque cannot be resolved to a type
	Tanque cannot be resolved to a type
	Soldado cannot be resolved to a type
	Soldado cannot be resolved to a type
	Escudo cannot be resolved to a type
	Escudo cannot be resolved to a type
	Soldado cannot be resolved to a type
	Soldado cannot be resolved to a type
	Tanque cannot be resolved to a type
	Tanque cannot be resolved to a type
	Escudo cannot be resolved to a type
	Escudo cannot be resolved to a type
	Tanque cannot be resolved to a type
	Tanque cannot be resolved to a type
	Buque cannot be resolved to a type
	Buque cannot be resolved to a type
	Escudo cannot be resolved to a type
	Escudo cannot be resolved to a type
	Tanque cannot be resolved to a type
	Tanque cannot be resolved to a type
	ChuckNorris cannot be resolved to a type
	ChuckNorris cannot be resolved to a type
	Tanque cannot be resolved to a type
	Tanque cannot be resolved to a type
	ChuckNorris cannot be resolved to a type
	ChuckNorris cannot be resolved to a type
	Soldado cannot be resolved to a type
	Soldado cannot be resolved to a type

	at tu paquete.EjercitoTest.<init>(EjercitoTest.java:1)
	at java.base/jdk.internal.reflect.DirectConstructorHandleAccessor.newInstance(DirectConstructorHandleAccessor.java:67)
	at java.base/java.lang.reflect.Constructor.newInstanceWithCaller(Constructor.java:499)
	at java.base/java.lang.reflect.Constructor.newInstance(Constructor.java:483)
	at org.junit.runners.BlockJUnit4ClassRunner.createTest(BlockJUnit4ClassRunner.java:250)
	at org.junit.runners.BlockJUnit4ClassRunner.createTest(BlockJUnit4ClassRunner.java:260)
	at org.junit.runners.BlockJUnit4ClassRunner$2.runReflectiveCall(BlockJUnit4ClassRunner.java:309)
	at org.junit.internal.runners.model.ReflectiveCallable.run(ReflectiveCallable.java:12)
	at org.junit.runners.BlockJUnit4ClassRunner.methodBlock(BlockJUnit4ClassRunner.java:306)
	at org.junit.runners.BlockJUnit4ClassRunner$1.evaluate(BlockJUnit4ClassRunner.java:100)
	at org.junit.runners.ParentRunner.runLeaf(ParentRunner.java:366)
	at org.junit.runners.BlockJUnit4ClassRunner.runChild(BlockJUnit4ClassRunner.java:103)
	at org.junit.runners.BlockJUnit4ClassRunner.runChild(BlockJUnit4ClassRunner.java:63)
	at org.junit.runners.ParentRunner$4.run(ParentRunner.java:331)
	at org.junit.runners.ParentRunner$1.schedule(ParentRunner.java:79)
	at org.junit.runners.ParentRunner.runChildren(ParentRunner.java:329)
	at org.junit.runners.ParentRunner.access$100(ParentRunner.java:66)
	at org.junit.runners.ParentRunner$2.evaluate(ParentRunner.java:293)
	at org.junit.runners.ParentRunner$3.evaluate(ParentRunner.java:306)
	at org.junit.runners.ParentRunner.run(ParentRunner.java:413)
	at org.apache.maven.surefire.junit4.JUnit4Provider.execute(JUnit4Provider.java:316)
	at org.apache.maven.surefire.junit4.JUnit4Provider.executeWithRerun(JUnit4Provider.java:240)
	at org.apache.maven.surefire.junit4.JUnit4Provider.executeTestSet(JUnit4Provider.java:214)
	at org.apache.maven.surefire.junit4.JUnit4Provider.invoke(JUnit4Provider.java:155)
	at org.apache.maven.surefire.booter.ForkedBooter.runSuitesInProcess(ForkedBooter.java:385)
	at org.apache.maven.surefire.booter.ForkedBooter.execute(ForkedBooter.java:162)
	at org.apache.maven.surefire.booter.ForkedBooter.run(ForkedBooter.java:507)
	at org.apache.maven.surefire.booter.ForkedBooter.main(ForkedBooter.java:495)

tu paquete.EjercitoTest.buque_puede_recibir_disparo_y_muere_de_3_disparos -- Time elapsed: 0 s <<< ERROR!
java.lang.Error: 
Unresolved compilation problems: 
	The declared package "" does not match the expected package "tu paquete"
	Soldado cannot be resolved to a type
	Soldado cannot be resolved to a type
	Tanque cannot be resolved to a type
	Tanque cannot be resolved to a type
	Buque cannot be resolved to a type
	Buque cannot be resolved to a type
	Soldado cannot be resolved to a type
	Soldado cannot be resolved to a type
	Soldado cannot be resolved to a type
	Soldado cannot be resolved to a type
	Tanque cannot be resolved to a type
	Tanque cannot be resolved to a type
	Tanque cannot be resolved to a type
	Tanque cannot be resolved to a type
	Buque cannot be resolved to a type
	Buque cannot be resolved to a type
	Tanque cannot be resolved to a type
	Tanque cannot be resolved to a type
	Soldado cannot be resolved to a type
	Soldado cannot be resolved to a type
	Soldado cannot be resolved to a type
	Soldado cannot be resolved to a type
	Tanque cannot be resolved to a type
	Tanque cannot be resolved to a type
	Tanque cannot be resolved to a type
	Tanque cannot be resolved to a type
	Buque cannot be resolved to a type
	Buque cannot be resolved to a type
	Tanque cannot be resolved to a type
	Tanque cannot be resolved to a type
	Soldado cannot be resolved to a type
	Soldado cannot be resolved to a type
	Escudo cannot be resolved to a type
	Escudo cannot be resolved to a type
	Soldado cannot be resolved to a type
	Soldado cannot be resolved to a type
	Tanque cannot be resolved to a type
	Tanque cannot be resolved to a type
	Escudo cannot be resolved to a type
	Escudo cannot be resolved to a type
	Tanque cannot be resolved to a type
	Tanque cannot be resolved to a type
	Buque cannot be resolved to a type
	Buque cannot be resolved to a type
	Escudo cannot be resolved to a type
	Escudo cannot be resolved to a type
	Tanque cannot be resolved to a type
	Tanque cannot be resolved to a type
	ChuckNorris cannot be resolved to a type
	ChuckNorris cannot be resolved to a type
	Tanque cannot be resolved to a type
	Tanque cannot be resolved to a type
	ChuckNorris cannot be resolved to a type
	ChuckNorris cannot be resolved to a type
	Soldado cannot be resolved to a type
	Soldado cannot be resolved to a type

	at tu paquete.EjercitoTest.<init>(EjercitoTest.java:1)
	at java.base/jdk.internal.reflect.DirectConstructorHandleAccessor.newInstance(DirectConstructorHandleAccessor.java:67)
	at java.base/java.lang.reflect.Constructor.newInstanceWithCaller(Constructor.java:499)
	at java.base/java.lang.reflect.Constructor.newInstance(Constructor.java:483)
	at org.junit.runners.BlockJUnit4ClassRunner.createTest(BlockJUnit4ClassRunner.java:250)
	at org.junit.runners.BlockJUnit4ClassRunner.createTest(BlockJUnit4ClassRunner.java:260)
	at org.junit.runners.BlockJUnit4ClassRunner$2.runReflectiveCall(BlockJUnit4ClassRunner.java:309)
	at org.junit.internal.runners.model.ReflectiveCallable.run(ReflectiveCallable.java:12)
	at org.junit.runners.BlockJUnit4ClassRunner.methodBlock(BlockJUnit4ClassRunner.java:306)
	at org.junit.runners.BlockJUnit4ClassRunner$1.evaluate(BlockJUnit4ClassRunner.java:100)
	at org.junit.runners.ParentRunner.runLeaf(ParentRunner.java:366)
	at org.junit.runners.BlockJUnit4ClassRunner.runChild(BlockJUnit4ClassRunner.java:103)
	at org.junit.runners.BlockJUnit4ClassRunner.runChild(BlockJUnit4ClassRunner.java:63)
	at org.junit.runners.ParentRunner$4.run(ParentRunner.java:331)
	at org.junit.runners.ParentRunner$1.schedule(ParentRunner.java:79)
	at org.junit.runners.ParentRunner.runChildren(ParentRunner.java:329)
	at org.junit.runners.ParentRunner.access$100(ParentRunner.java:66)
	at org.junit.runners.ParentRunner$2.evaluate(ParentRunner.java:293)
	at org.junit.runners.ParentRunner$3.evaluate(ParentRunner.java:306)
	at org.junit.runners.ParentRunner.run(ParentRunner.java:413)
	at org.apache.maven.surefire.junit4.JUnit4Provider.execute(JUnit4Provider.java:316)
	at org.apache.maven.surefire.junit4.JUnit4Provider.executeWithRerun(JUnit4Provider.java:240)
	at org.apache.maven.surefire.junit4.JUnit4Provider.executeTestSet(JUnit4Provider.java:214)
	at org.apache.maven.surefire.junit4.JUnit4Provider.invoke(JUnit4Provider.java:155)
	at org.apache.maven.surefire.booter.ForkedBooter.runSuitesInProcess(ForkedBooter.java:385)
	at org.apache.maven.surefire.booter.ForkedBooter.execute(ForkedBooter.java:162)
	at org.apache.maven.surefire.booter.ForkedBooter.run(ForkedBooter.java:507)
	at org.apache.maven.surefire.booter.ForkedBooter.main(ForkedBooter.java:495)

tu paquete.EjercitoTest.buque_puede_preguntar_si_esta_vivo_o_muerto_Test -- Time elapsed: 0 s <<< ERROR!
java.lang.Error: 
Unresolved compilation problems: 
	The declared package "" does not match the expected package "tu paquete"
	Soldado cannot be resolved to a type
	Soldado cannot be resolved to a type
	Tanque cannot be resolved to a type
	Tanque cannot be resolved to a type
	Buque cannot be resolved to a type
	Buque cannot be resolved to a type
	Soldado cannot be resolved to a type
	Soldado cannot be resolved to a type
	Soldado cannot be resolved to a type
	Soldado cannot be resolved to a type
	Tanque cannot be resolved to a type
	Tanque cannot be resolved to a type
	Tanque cannot be resolved to a type
	Tanque cannot be resolved to a type
	Buque cannot be resolved to a type
	Buque cannot be resolved to a type
	Tanque cannot be resolved to a type
	Tanque cannot be resolved to a type
	Soldado cannot be resolved to a type
	Soldado cannot be resolved to a type
	Soldado cannot be resolved to a type
	Soldado cannot be resolved to a type
	Tanque cannot be resolved to a type
	Tanque cannot be resolved to a type
	Tanque cannot be resolved to a type
	Tanque cannot be resolved to a type
	Buque cannot be resolved to a type
	Buque cannot be resolved to a type
	Tanque cannot be resolved to a type
	Tanque cannot be resolved to a type
	Soldado cannot be resolved to a type
	Soldado cannot be resolved to a type
	Escudo cannot be resolved to a type
	Escudo cannot be resolved to a type
	Soldado cannot be resolved to a type
	Soldado cannot be resolved to a type
	Tanque cannot be resolved to a type
	Tanque cannot be resolved to a type
	Escudo cannot be resolved to a type
	Escudo cannot be resolved to a type
	Tanque cannot be resolved to a type
	Tanque cannot be resolved to a type
	Buque cannot be resolved to a type
	Buque cannot be resolved to a type
	Escudo cannot be resolved to a type
	Escudo cannot be resolved to a type
	Tanque cannot be resolved to a type
	Tanque cannot be resolved to a type
	ChuckNorris cannot be resolved to a type
	ChuckNorris cannot be resolved to a type
	Tanque cannot be resolved to a type
	Tanque cannot be resolved to a type
	ChuckNorris cannot be resolved to a type
	ChuckNorris cannot be resolved to a type
	Soldado cannot be resolved to a type
	Soldado cannot be resolved to a type

	at tu paquete.EjercitoTest.<init>(EjercitoTest.java:1)
	at java.base/jdk.internal.reflect.DirectConstructorHandleAccessor.newInstance(DirectConstructorHandleAccessor.java:67)
	at java.base/java.lang.reflect.Constructor.newInstanceWithCaller(Constructor.java:499)
	at java.base/java.lang.reflect.Constructor.newInstance(Constructor.java:483)
	at org.junit.runners.BlockJUnit4ClassRunner.createTest(BlockJUnit4ClassRunner.java:250)
	at org.junit.runners.BlockJUnit4ClassRunner.createTest(BlockJUnit4ClassRunner.java:260)
	at org.junit.runners.BlockJUnit4ClassRunner$2.runReflectiveCall(BlockJUnit4ClassRunner.java:309)
	at org.junit.internal.runners.model.ReflectiveCallable.run(ReflectiveCallable.java:12)
	at org.junit.runners.BlockJUnit4ClassRunner.methodBlock(BlockJUnit4ClassRunner.java:306)
	at org.junit.runners.BlockJUnit4ClassRunner$1.evaluate(BlockJUnit4ClassRunner.java:100)
	at org.junit.runners.ParentRunner.runLeaf(ParentRunner.java:366)
	at org.junit.runners.BlockJUnit4ClassRunner.runChild(BlockJUnit4ClassRunner.java:103)
	at org.junit.runners.BlockJUnit4ClassRunner.runChild(BlockJUnit4ClassRunner.java:63)
	at org.junit.runners.ParentRunner$4.run(ParentRunner.java:331)
	at org.junit.runners.ParentRunner$1.schedule(ParentRunner.java:79)
	at org.junit.runners.ParentRunner.runChildren(ParentRunner.java:329)
	at org.junit.runners.ParentRunner.access$100(ParentRunner.java:66)
	at org.junit.runners.ParentRunner$2.evaluate(ParentRunner.java:293)
	at org.junit.runners.ParentRunner$3.evaluate(ParentRunner.java:306)
	at org.junit.runners.ParentRunner.run(ParentRunner.java:413)
	at org.apache.maven.surefire.junit4.JUnit4Provider.execute(JUnit4Provider.java:316)
	at org.apache.maven.surefire.junit4.JUnit4Provider.executeWithRerun(JUnit4Provider.java:240)
	at org.apache.maven.surefire.junit4.JUnit4Provider.executeTestSet(JUnit4Provider.java:214)
	at org.apache.maven.surefire.junit4.JUnit4Provider.invoke(JUnit4Provider.java:155)
	at org.apache.maven.surefire.booter.ForkedBooter.runSuitesInProcess(ForkedBooter.java:385)
	at org.apache.maven.surefire.booter.ForkedBooter.execute(ForkedBooter.java:162)
	at org.apache.maven.surefire.booter.ForkedBooter.run(ForkedBooter.java:507)
	at org.apache.maven.surefire.booter.ForkedBooter.main(ForkedBooter.java:495)

tu paquete.EjercitoTest.chucknorris_recibe_disparo_y_no_muere_Test -- Time elapsed: 0 s <<< ERROR!
java.lang.Error: 
Unresolved compilation problems: 
	The declared package "" does not match the expected package "tu paquete"
	Soldado cannot be resolved to a type
	Soldado cannot be resolved to a type
	Tanque cannot be resolved to a type
	Tanque cannot be resolved to a type
	Buque cannot be resolved to a type
	Buque cannot be resolved to a type
	Soldado cannot be resolved to a type
	Soldado cannot be resolved to a type
	Soldado cannot be resolved to a type
	Soldado cannot be resolved to a type
	Tanque cannot be resolved to a type
	Tanque cannot be resolved to a type
	Tanque cannot be resolved to a type
	Tanque cannot be resolved to a type
	Buque cannot be resolved to a type
	Buque cannot be resolved to a type
	Tanque cannot be resolved to a type
	Tanque cannot be resolved to a type
	Soldado cannot be resolved to a type
	Soldado cannot be resolved to a type
	Soldado cannot be resolved to a type
	Soldado cannot be resolved to a type
	Tanque cannot be resolved to a type
	Tanque cannot be resolved to a type
	Tanque cannot be resolved to a type
	Tanque cannot be resolved to a type
	Buque cannot be resolved to a type
	Buque cannot be resolved to a type
	Tanque cannot be resolved to a type
	Tanque cannot be resolved to a type
	Soldado cannot be resolved to a type
	Soldado cannot be resolved to a type
	Escudo cannot be resolved to a type
	Escudo cannot be resolved to a type
	Soldado cannot be resolved to a type
	Soldado cannot be resolved to a type
	Tanque cannot be resolved to a type
	Tanque cannot be resolved to a type
	Escudo cannot be resolved to a type
	Escudo cannot be resolved to a type
	Tanque cannot be resolved to a type
	Tanque cannot be resolved to a type
	Buque cannot be resolved to a type
	Buque cannot be resolved to a type
	Escudo cannot be resolved to a type
	Escudo cannot be resolved to a type
	Tanque cannot be resolved to a type
	Tanque cannot be resolved to a type
	ChuckNorris cannot be resolved to a type
	ChuckNorris cannot be resolved to a type
	Tanque cannot be resolved to a type
	Tanque cannot be resolved to a type
	ChuckNorris cannot be resolved to a type
	ChuckNorris cannot be resolved to a type
	Soldado cannot be resolved to a type
	Soldado cannot be resolved to a type

	at tu paquete.EjercitoTest.<init>(EjercitoTest.java:1)
	at java.base/jdk.internal.reflect.DirectConstructorHandleAccessor.newInstance(DirectConstructorHandleAccessor.java:67)
	at java.base/java.lang.reflect.Constructor.newInstanceWithCaller(Constructor.java:499)
	at java.base/java.lang.reflect.Constructor.newInstance(Constructor.java:483)
	at org.junit.runners.BlockJUnit4ClassRunner.createTest(BlockJUnit4ClassRunner.java:250)
	at org.junit.runners.BlockJUnit4ClassRunner.createTest(BlockJUnit4ClassRunner.java:260)
	at org.junit.runners.BlockJUnit4ClassRunner$2.runReflectiveCall(BlockJUnit4ClassRunner.java:309)
	at org.junit.internal.runners.model.ReflectiveCallable.run(ReflectiveCallable.java:12)
	at org.junit.runners.BlockJUnit4ClassRunner.methodBlock(BlockJUnit4ClassRunner.java:306)
	at org.junit.runners.BlockJUnit4ClassRunner$1.evaluate(BlockJUnit4ClassRunner.java:100)
	at org.junit.runners.ParentRunner.runLeaf(ParentRunner.java:366)
	at org.junit.runners.BlockJUnit4ClassRunner.runChild(BlockJUnit4ClassRunner.java:103)
	at org.junit.runners.BlockJUnit4ClassRunner.runChild(BlockJUnit4ClassRunner.java:63)
	at org.junit.runners.ParentRunner$4.run(ParentRunner.java:331)
	at org.junit.runners.ParentRunner$1.schedule(ParentRunner.java:79)
	at org.junit.runners.ParentRunner.runChildren(ParentRunner.java:329)
	at org.junit.runners.ParentRunner.access$100(ParentRunner.java:66)
	at org.junit.runners.ParentRunner$2.evaluate(ParentRunner.java:293)
	at org.junit.runners.ParentRunner$3.evaluate(ParentRunner.java:306)
	at org.junit.runners.ParentRunner.run(ParentRunner.java:413)
	at org.apache.maven.surefire.junit4.JUnit4Provider.execute(JUnit4Provider.java:316)
	at org.apache.maven.surefire.junit4.JUnit4Provider.executeWithRerun(JUnit4Provider.java:240)
	at org.apache.maven.surefire.junit4.JUnit4Provider.executeTestSet(JUnit4Provider.java:214)
	at org.apache.maven.surefire.junit4.JUnit4Provider.invoke(JUnit4Provider.java:155)
	at org.apache.maven.surefire.booter.ForkedBooter.runSuitesInProcess(ForkedBooter.java:385)
	at org.apache.maven.surefire.booter.ForkedBooter.execute(ForkedBooter.java:162)
	at org.apache.maven.surefire.booter.ForkedBooter.run(ForkedBooter.java:507)
	at org.apache.maven.surefire.booter.ForkedBooter.main(ForkedBooter.java:495)

tu paquete.EjercitoTest.buque_recibe_disparo_con_50_escudo_Test -- Time elapsed: 0 s <<< ERROR!
java.lang.Error: 
Unresolved compilation problems: 
	The declared package "" does not match the expected package "tu paquete"
	Soldado cannot be resolved to a type
	Soldado cannot be resolved to a type
	Tanque cannot be resolved to a type
	Tanque cannot be resolved to a type
	Buque cannot be resolved to a type
	Buque cannot be resolved to a type
	Soldado cannot be resolved to a type
	Soldado cannot be resolved to a type
	Soldado cannot be resolved to a type
	Soldado cannot be resolved to a type
	Tanque cannot be resolved to a type
	Tanque cannot be resolved to a type
	Tanque cannot be resolved to a type
	Tanque cannot be resolved to a type
	Buque cannot be resolved to a type
	Buque cannot be resolved to a type
	Tanque cannot be resolved to a type
	Tanque cannot be resolved to a type
	Soldado cannot be resolved to a type
	Soldado cannot be resolved to a type
	Soldado cannot be resolved to a type
	Soldado cannot be resolved to a type
	Tanque cannot be resolved to a type
	Tanque cannot be resolved to a type
	Tanque cannot be resolved to a type
	Tanque cannot be resolved to a type
	Buque cannot be resolved to a type
	Buque cannot be resolved to a type
	Tanque cannot be resolved to a type
	Tanque cannot be resolved to a type
	Soldado cannot be resolved to a type
	Soldado cannot be resolved to a type
	Escudo cannot be resolved to a type
	Escudo cannot be resolved to a type
	Soldado cannot be resolved to a type
	Soldado cannot be resolved to a type
	Tanque cannot be resolved to a type
	Tanque cannot be resolved to a type
	Escudo cannot be resolved to a type
	Escudo cannot be resolved to a type
	Tanque cannot be resolved to a type
	Tanque cannot be resolved to a type
	Buque cannot be resolved to a type
	Buque cannot be resolved to a type
	Escudo cannot be resolved to a type
	Escudo cannot be resolved to a type
	Tanque cannot be resolved to a type
	Tanque cannot be resolved to a type
	ChuckNorris cannot be resolved to a type
	ChuckNorris cannot be resolved to a type
	Tanque cannot be resolved to a type
	Tanque cannot be resolved to a type
	ChuckNorris cannot be resolved to a type
	ChuckNorris cannot be resolved to a type
	Soldado cannot be resolved to a type
	Soldado cannot be resolved to a type

	at tu paquete.EjercitoTest.<init>(EjercitoTest.java:1)
	at java.base/jdk.internal.reflect.DirectConstructorHandleAccessor.newInstance(DirectConstructorHandleAccessor.java:67)
	at java.base/java.lang.reflect.Constructor.newInstanceWithCaller(Constructor.java:499)
	at java.base/java.lang.reflect.Constructor.newInstance(Constructor.java:483)
	at org.junit.runners.BlockJUnit4ClassRunner.createTest(BlockJUnit4ClassRunner.java:250)
	at org.junit.runners.BlockJUnit4ClassRunner.createTest(BlockJUnit4ClassRunner.java:260)
	at org.junit.runners.BlockJUnit4ClassRunner$2.runReflectiveCall(BlockJUnit4ClassRunner.java:309)
	at org.junit.internal.runners.model.ReflectiveCallable.run(ReflectiveCallable.java:12)
	at org.junit.runners.BlockJUnit4ClassRunner.methodBlock(BlockJUnit4ClassRunner.java:306)
	at org.junit.runners.BlockJUnit4ClassRunner$1.evaluate(BlockJUnit4ClassRunner.java:100)
	at org.junit.runners.ParentRunner.runLeaf(ParentRunner.java:366)
	at org.junit.runners.BlockJUnit4ClassRunner.runChild(BlockJUnit4ClassRunner.java:103)
	at org.junit.runners.BlockJUnit4ClassRunner.runChild(BlockJUnit4ClassRunner.java:63)
	at org.junit.runners.ParentRunner$4.run(ParentRunner.java:331)
	at org.junit.runners.ParentRunner$1.schedule(ParentRunner.java:79)
	at org.junit.runners.ParentRunner.runChildren(ParentRunner.java:329)
	at org.junit.runners.ParentRunner.access$100(ParentRunner.java:66)
	at org.junit.runners.ParentRunner$2.evaluate(ParentRunner.java:293)
	at org.junit.runners.ParentRunner$3.evaluate(ParentRunner.java:306)
	at org.junit.runners.ParentRunner.run(ParentRunner.java:413)
	at org.apache.maven.surefire.junit4.JUnit4Provider.execute(JUnit4Provider.java:316)
	at org.apache.maven.surefire.junit4.JUnit4Provider.executeWithRerun(JUnit4Provider.java:240)
	at org.apache.maven.surefire.junit4.JUnit4Provider.executeTestSet(JUnit4Provider.java:214)
	at org.apache.maven.surefire.junit4.JUnit4Provider.invoke(JUnit4Provider.java:155)
	at org.apache.maven.surefire.booter.ForkedBooter.runSuitesInProcess(ForkedBooter.java:385)
	at org.apache.maven.surefire.booter.ForkedBooter.execute(ForkedBooter.java:162)
	at org.apache.maven.surefire.booter.ForkedBooter.run(ForkedBooter.java:507)
	at org.apache.maven.surefire.booter.ForkedBooter.main(ForkedBooter.java:495)

tu paquete.EjercitoTest.tanque_recibe_disparo_con_50_escudo_Test -- Time elapsed: 0 s <<< ERROR!
java.lang.Error: 
Unresolved compilation problems: 
	The declared package "" does not match the expected package "tu paquete"
	Soldado cannot be resolved to a type
	Soldado cannot be resolved to a type
	Tanque cannot be resolved to a type
	Tanque cannot be resolved to a type
	Buque cannot be resolved to a type
	Buque cannot be resolved to a type
	Soldado cannot be resolved to a type
	Soldado cannot be resolved to a type
	Soldado cannot be resolved to a type
	Soldado cannot be resolved to a type
	Tanque cannot be resolved to a type
	Tanque cannot be resolved to a type
	Tanque cannot be resolved to a type
	Tanque cannot be resolved to a type
	Buque cannot be resolved to a type
	Buque cannot be resolved to a type
	Tanque cannot be resolved to a type
	Tanque cannot be resolved to a type
	Soldado cannot be resolved to a type
	Soldado cannot be resolved to a type
	Soldado cannot be resolved to a type
	Soldado cannot be resolved to a type
	Tanque cannot be resolved to a type
	Tanque cannot be resolved to a type
	Tanque cannot be resolved to a type
	Tanque cannot be resolved to a type
	Buque cannot be resolved to a type
	Buque cannot be resolved to a type
	Tanque cannot be resolved to a type
	Tanque cannot be resolved to a type
	Soldado cannot be resolved to a type
	Soldado cannot be resolved to a type
	Escudo cannot be resolved to a type
	Escudo cannot be resolved to a type
	Soldado cannot be resolved to a type
	Soldado cannot be resolved to a type
	Tanque cannot be resolved to a type
	Tanque cannot be resolved to a type
	Escudo cannot be resolved to a type
	Escudo cannot be resolved to a type
	Tanque cannot be resolved to a type
	Tanque cannot be resolved to a type
	Buque cannot be resolved to a type
	Buque cannot be resolved to a type
	Escudo cannot be resolved to a type
	Escudo cannot be resolved to a type
	Tanque cannot be resolved to a type
	Tanque cannot be resolved to a type
	ChuckNorris cannot be resolved to a type
	ChuckNorris cannot be resolved to a type
	Tanque cannot be resolved to a type
	Tanque cannot be resolved to a type
	ChuckNorris cannot be resolved to a type
	ChuckNorris cannot be resolved to a type
	Soldado cannot be resolved to a type
	Soldado cannot be resolved to a type

	at tu paquete.EjercitoTest.<init>(EjercitoTest.java:1)
	at java.base/jdk.internal.reflect.DirectConstructorHandleAccessor.newInstance(DirectConstructorHandleAccessor.java:67)
	at java.base/java.lang.reflect.Constructor.newInstanceWithCaller(Constructor.java:499)
	at java.base/java.lang.reflect.Constructor.newInstance(Constructor.java:483)
	at org.junit.runners.BlockJUnit4ClassRunner.createTest(BlockJUnit4ClassRunner.java:250)
	at org.junit.runners.BlockJUnit4ClassRunner.createTest(BlockJUnit4ClassRunner.java:260)
	at org.junit.runners.BlockJUnit4ClassRunner$2.runReflectiveCall(BlockJUnit4ClassRunner.java:309)
	at org.junit.internal.runners.model.ReflectiveCallable.run(ReflectiveCallable.java:12)
	at org.junit.runners.BlockJUnit4ClassRunner.methodBlock(BlockJUnit4ClassRunner.java:306)
	at org.junit.runners.BlockJUnit4ClassRunner$1.evaluate(BlockJUnit4ClassRunner.java:100)
	at org.junit.runners.ParentRunner.runLeaf(ParentRunner.java:366)
	at org.junit.runners.BlockJUnit4ClassRunner.runChild(BlockJUnit4ClassRunner.java:103)
	at org.junit.runners.BlockJUnit4ClassRunner.runChild(BlockJUnit4ClassRunner.java:63)
	at org.junit.runners.ParentRunner$4.run(ParentRunner.java:331)
	at org.junit.runners.ParentRunner$1.schedule(ParentRunner.java:79)
	at org.junit.runners.ParentRunner.runChildren(ParentRunner.java:329)
	at org.junit.runners.ParentRunner.access$100(ParentRunner.java:66)
	at org.junit.runners.ParentRunner$2.evaluate(ParentRunner.java:293)
	at org.junit.runners.ParentRunner$3.evaluate(ParentRunner.java:306)
	at org.junit.runners.ParentRunner.run(ParentRunner.java:413)
	at org.apache.maven.surefire.junit4.JUnit4Provider.execute(JUnit4Provider.java:316)
	at org.apache.maven.surefire.junit4.JUnit4Provider.executeWithRerun(JUnit4Provider.java:240)
	at org.apache.maven.surefire.junit4.JUnit4Provider.executeTestSet(JUnit4Provider.java:214)
	at org.apache.maven.surefire.junit4.JUnit4Provider.invoke(JUnit4Provider.java:155)
	at org.apache.maven.surefire.booter.ForkedBooter.runSuitesInProcess(ForkedBooter.java:385)
	at org.apache.maven.surefire.booter.ForkedBooter.execute(ForkedBooter.java:162)
	at org.apache.maven.surefire.booter.ForkedBooter.run(ForkedBooter.java:507)
	at org.apache.maven.surefire.booter.ForkedBooter.main(ForkedBooter.java:495)

tu paquete.EjercitoTest.tanque_puede_preguntar_si_esta_vivo_o_muerto_Test -- Time elapsed: 0 s <<< ERROR!
java.lang.Error: 
Unresolved compilation problems: 
	The declared package "" does not match the expected package "tu paquete"
	Soldado cannot be resolved to a type
	Soldado cannot be resolved to a type
	Tanque cannot be resolved to a type
	Tanque cannot be resolved to a type
	Buque cannot be resolved to a type
	Buque cannot be resolved to a type
	Soldado cannot be resolved to a type
	Soldado cannot be resolved to a type
	Soldado cannot be resolved to a type
	Soldado cannot be resolved to a type
	Tanque cannot be resolved to a type
	Tanque cannot be resolved to a type
	Tanque cannot be resolved to a type
	Tanque cannot be resolved to a type
	Buque cannot be resolved to a type
	Buque cannot be resolved to a type
	Tanque cannot be resolved to a type
	Tanque cannot be resolved to a type
	Soldado cannot be resolved to a type
	Soldado cannot be resolved to a type
	Soldado cannot be resolved to a type
	Soldado cannot be resolved to a type
	Tanque cannot be resolved to a type
	Tanque cannot be resolved to a type
	Tanque cannot be resolved to a type
	Tanque cannot be resolved to a type
	Buque cannot be resolved to a type
	Buque cannot be resolved to a type
	Tanque cannot be resolved to a type
	Tanque cannot be resolved to a type
	Soldado cannot be resolved to a type
	Soldado cannot be resolved to a type
	Escudo cannot be resolved to a type
	Escudo cannot be resolved to a type
	Soldado cannot be resolved to a type
	Soldado cannot be resolved to a type
	Tanque cannot be resolved to a type
	Tanque cannot be resolved to a type
	Escudo cannot be resolved to a type
	Escudo cannot be resolved to a type
	Tanque cannot be resolved to a type
	Tanque cannot be resolved to a type
	Buque cannot be resolved to a type
	Buque cannot be resolved to a type
	Escudo cannot be resolved to a type
	Escudo cannot be resolved to a type
	Tanque cannot be resolved to a type
	Tanque cannot be resolved to a type
	ChuckNorris cannot be resolved to a type
	ChuckNorris cannot be resolved to a type
	Tanque cannot be resolved to a type
	Tanque cannot be resolved to a type
	ChuckNorris cannot be resolved to a type
	ChuckNorris cannot be resolved to a type
	Soldado cannot be resolved to a type
	Soldado cannot be resolved to a type

	at tu paquete.EjercitoTest.<init>(EjercitoTest.java:1)
	at java.base/jdk.internal.reflect.DirectConstructorHandleAccessor.newInstance(DirectConstructorHandleAccessor.java:67)
	at java.base/java.lang.reflect.Constructor.newInstanceWithCaller(Constructor.java:499)
	at java.base/java.lang.reflect.Constructor.newInstance(Constructor.java:483)
	at org.junit.runners.BlockJUnit4ClassRunner.createTest(BlockJUnit4ClassRunner.java:250)
	at org.junit.runners.BlockJUnit4ClassRunner.createTest(BlockJUnit4ClassRunner.java:260)
	at org.junit.runners.BlockJUnit4ClassRunner$2.runReflectiveCall(BlockJUnit4ClassRunner.java:309)
	at org.junit.internal.runners.model.ReflectiveCallable.run(ReflectiveCallable.java:12)
	at org.junit.runners.BlockJUnit4ClassRunner.methodBlock(BlockJUnit4ClassRunner.java:306)
	at org.junit.runners.BlockJUnit4ClassRunner$1.evaluate(BlockJUnit4ClassRunner.java:100)
	at org.junit.runners.ParentRunner.runLeaf(ParentRunner.java:366)
	at org.junit.runners.BlockJUnit4ClassRunner.runChild(BlockJUnit4ClassRunner.java:103)
	at org.junit.runners.BlockJUnit4ClassRunner.runChild(BlockJUnit4ClassRunner.java:63)
	at org.junit.runners.ParentRunner$4.run(ParentRunner.java:331)
	at org.junit.runners.ParentRunner$1.schedule(ParentRunner.java:79)
	at org.junit.runners.ParentRunner.runChildren(ParentRunner.java:329)
	at org.junit.runners.ParentRunner.access$100(ParentRunner.java:66)
	at org.junit.runners.ParentRunner$2.evaluate(ParentRunner.java:293)
	at org.junit.runners.ParentRunner$3.evaluate(ParentRunner.java:306)
	at org.junit.runners.ParentRunner.run(ParentRunner.java:413)
	at org.apache.maven.surefire.junit4.JUnit4Provider.execute(JUnit4Provider.java:316)
	at org.apache.maven.surefire.junit4.JUnit4Provider.executeWithRerun(JUnit4Provider.java:240)
	at org.apache.maven.surefire.junit4.JUnit4Provider.executeTestSet(JUnit4Provider.java:214)
	at org.apache.maven.surefire.junit4.JUnit4Provider.invoke(JUnit4Provider.java:155)
	at org.apache.maven.surefire.booter.ForkedBooter.runSuitesInProcess(ForkedBooter.java:385)
	at org.apache.maven.surefire.booter.ForkedBooter.execute(ForkedBooter.java:162)
	at org.apache.maven.surefire.booter.ForkedBooter.run(ForkedBooter.java:507)
	at org.apache.maven.surefire.booter.ForkedBooter.main(ForkedBooter.java:495)

tu paquete.EjercitoTest.soldado_puede_disparar_Test -- Time elapsed: 0 s <<< ERROR!
java.lang.Error: 
Unresolved compilation problems: 
	The declared package "" does not match the expected package "tu paquete"
	Soldado cannot be resolved to a type
	Soldado cannot be resolved to a type
	Tanque cannot be resolved to a type
	Tanque cannot be resolved to a type
	Buque cannot be resolved to a type
	Buque cannot be resolved to a type
	Soldado cannot be resolved to a type
	Soldado cannot be resolved to a type
	Soldado cannot be resolved to a type
	Soldado cannot be resolved to a type
	Tanque cannot be resolved to a type
	Tanque cannot be resolved to a type
	Tanque cannot be resolved to a type
	Tanque cannot be resolved to a type
	Buque cannot be resolved to a type
	Buque cannot be resolved to a type
	Tanque cannot be resolved to a type
	Tanque cannot be resolved to a type
	Soldado cannot be resolved to a type
	Soldado cannot be resolved to a type
	Soldado cannot be resolved to a type
	Soldado cannot be resolved to a type
	Tanque cannot be resolved to a type
	Tanque cannot be resolved to a type
	Tanque cannot be resolved to a type
	Tanque cannot be resolved to a type
	Buque cannot be resolved to a type
	Buque cannot be resolved to a type
	Tanque cannot be resolved to a type
	Tanque cannot be resolved to a type
	Soldado cannot be resolved to a type
	Soldado cannot be resolved to a type
	Escudo cannot be resolved to a type
	Escudo cannot be resolved to a type
	Soldado cannot be resolved to a type
	Soldado cannot be resolved to a type
	Tanque cannot be resolved to a type
	Tanque cannot be resolved to a type
	Escudo cannot be resolved to a type
	Escudo cannot be resolved to a type
	Tanque cannot be resolved to a type
	Tanque cannot be resolved to a type
	Buque cannot be resolved to a type
	Buque cannot be resolved to a type
	Escudo cannot be resolved to a type
	Escudo cannot be resolved to a type
	Tanque cannot be resolved to a type
	Tanque cannot be resolved to a type
	ChuckNorris cannot be resolved to a type
	ChuckNorris cannot be resolved to a type
	Tanque cannot be resolved to a type
	Tanque cannot be resolved to a type
	ChuckNorris cannot be resolved to a type
	ChuckNorris cannot be resolved to a type
	Soldado cannot be resolved to a type
	Soldado cannot be resolved to a type

	at tu paquete.EjercitoTest.<init>(EjercitoTest.java:1)
	at java.base/jdk.internal.reflect.DirectConstructorHandleAccessor.newInstance(DirectConstructorHandleAccessor.java:67)
	at java.base/java.lang.reflect.Constructor.newInstanceWithCaller(Constructor.java:499)
	at java.base/java.lang.reflect.Constructor.newInstance(Constructor.java:483)
	at org.junit.runners.BlockJUnit4ClassRunner.createTest(BlockJUnit4ClassRunner.java:250)
	at org.junit.runners.BlockJUnit4ClassRunner.createTest(BlockJUnit4ClassRunner.java:260)
	at org.junit.runners.BlockJUnit4ClassRunner$2.runReflectiveCall(BlockJUnit4ClassRunner.java:309)
	at org.junit.internal.runners.model.ReflectiveCallable.run(ReflectiveCallable.java:12)
	at org.junit.runners.BlockJUnit4ClassRunner.methodBlock(BlockJUnit4ClassRunner.java:306)
	at org.junit.runners.BlockJUnit4ClassRunner$1.evaluate(BlockJUnit4ClassRunner.java:100)
	at org.junit.runners.ParentRunner.runLeaf(ParentRunner.java:366)
	at org.junit.runners.BlockJUnit4ClassRunner.runChild(BlockJUnit4ClassRunner.java:103)
	at org.junit.runners.BlockJUnit4ClassRunner.runChild(BlockJUnit4ClassRunner.java:63)
	at org.junit.runners.ParentRunner$4.run(ParentRunner.java:331)
	at org.junit.runners.ParentRunner$1.schedule(ParentRunner.java:79)
	at org.junit.runners.ParentRunner.runChildren(ParentRunner.java:329)
	at org.junit.runners.ParentRunner.access$100(ParentRunner.java:66)
	at org.junit.runners.ParentRunner$2.evaluate(ParentRunner.java:293)
	at org.junit.runners.ParentRunner$3.evaluate(ParentRunner.java:306)
	at org.junit.runners.ParentRunner.run(ParentRunner.java:413)
	at org.apache.maven.surefire.junit4.JUnit4Provider.execute(JUnit4Provider.java:316)
	at org.apache.maven.surefire.junit4.JUnit4Provider.executeWithRerun(JUnit4Provider.java:240)
	at org.apache.maven.surefire.junit4.JUnit4Provider.executeTestSet(JUnit4Provider.java:214)
	at org.apache.maven.surefire.junit4.JUnit4Provider.invoke(JUnit4Provider.java:155)
	at org.apache.maven.surefire.booter.ForkedBooter.runSuitesInProcess(ForkedBooter.java:385)
	at org.apache.maven.surefire.booter.ForkedBooter.execute(ForkedBooter.java:162)
	at org.apache.maven.surefire.booter.ForkedBooter.run(ForkedBooter.java:507)
	at org.apache.maven.surefire.booter.ForkedBooter.main(ForkedBooter.java:495)

tu paquete.EjercitoTest.buque_puede_disparar_Test -- Time elapsed: 0 s <<< ERROR!
java.lang.Error: 
Unresolved compilation problems: 
	The declared package "" does not match the expected package "tu paquete"
	Soldado cannot be resolved to a type
	Soldado cannot be resolved to a type
	Tanque cannot be resolved to a type
	Tanque cannot be resolved to a type
	Buque cannot be resolved to a type
	Buque cannot be resolved to a type
	Soldado cannot be resolved to a type
	Soldado cannot be resolved to a type
	Soldado cannot be resolved to a type
	Soldado cannot be resolved to a type
	Tanque cannot be resolved to a type
	Tanque cannot be resolved to a type
	Tanque cannot be resolved to a type
	Tanque cannot be resolved to a type
	Buque cannot be resolved to a type
	Buque cannot be resolved to a type
	Tanque cannot be resolved to a type
	Tanque cannot be resolved to a type
	Soldado cannot be resolved to a type
	Soldado cannot be resolved to a type
	Soldado cannot be resolved to a type
	Soldado cannot be resolved to a type
	Tanque cannot be resolved to a type
	Tanque cannot be resolved to a type
	Tanque cannot be resolved to a type
	Tanque cannot be resolved to a type
	Buque cannot be resolved to a type
	Buque cannot be resolved to a type
	Tanque cannot be resolved to a type
	Tanque cannot be resolved to a type
	Soldado cannot be resolved to a type
	Soldado cannot be resolved to a type
	Escudo cannot be resolved to a type
	Escudo cannot be resolved to a type
	Soldado cannot be resolved to a type
	Soldado cannot be resolved to a type
	Tanque cannot be resolved to a type
	Tanque cannot be resolved to a type
	Escudo cannot be resolved to a type
	Escudo cannot be resolved to a type
	Tanque cannot be resolved to a type
	Tanque cannot be resolved to a type
	Buque cannot be resolved to a type
	Buque cannot be resolved to a type
	Escudo cannot be resolved to a type
	Escudo cannot be resolved to a type
	Tanque cannot be resolved to a type
	Tanque cannot be resolved to a type
	ChuckNorris cannot be resolved to a type
	ChuckNorris cannot be resolved to a type
	Tanque cannot be resolved to a type
	Tanque cannot be resolved to a type
	ChuckNorris cannot be resolved to a type
	ChuckNorris cannot be resolved to a type
	Soldado cannot be resolved to a type
	Soldado cannot be resolved to a type

	at tu paquete.EjercitoTest.<init>(EjercitoTest.java:1)
	at java.base/jdk.internal.reflect.DirectConstructorHandleAccessor.newInstance(DirectConstructorHandleAccessor.java:67)
	at java.base/java.lang.reflect.Constructor.newInstanceWithCaller(Constructor.java:499)
	at java.base/java.lang.reflect.Constructor.newInstance(Constructor.java:483)
	at org.junit.runners.BlockJUnit4ClassRunner.createTest(BlockJUnit4ClassRunner.java:250)
	at org.junit.runners.BlockJUnit4ClassRunner.createTest(BlockJUnit4ClassRunner.java:260)
	at org.junit.runners.BlockJUnit4ClassRunner$2.runReflectiveCall(BlockJUnit4ClassRunner.java:309)
	at org.junit.internal.runners.model.ReflectiveCallable.run(ReflectiveCallable.java:12)
	at org.junit.runners.BlockJUnit4ClassRunner.methodBlock(BlockJUnit4ClassRunner.java:306)
	at org.junit.runners.BlockJUnit4ClassRunner$1.evaluate(BlockJUnit4ClassRunner.java:100)
	at org.junit.runners.ParentRunner.runLeaf(ParentRunner.java:366)
	at org.junit.runners.BlockJUnit4ClassRunner.runChild(BlockJUnit4ClassRunner.java:103)
	at org.junit.runners.BlockJUnit4ClassRunner.runChild(BlockJUnit4ClassRunner.java:63)
	at org.junit.runners.ParentRunner$4.run(ParentRunner.java:331)
	at org.junit.runners.ParentRunner$1.schedule(ParentRunner.java:79)
	at org.junit.runners.ParentRunner.runChildren(ParentRunner.java:329)
	at org.junit.runners.ParentRunner.access$100(ParentRunner.java:66)
	at org.junit.runners.ParentRunner$2.evaluate(ParentRunner.java:293)
	at org.junit.runners.ParentRunner$3.evaluate(ParentRunner.java:306)
	at org.junit.runners.ParentRunner.run(ParentRunner.java:413)
	at org.apache.maven.surefire.junit4.JUnit4Provider.execute(JUnit4Provider.java:316)
	at org.apache.maven.surefire.junit4.JUnit4Provider.executeWithRerun(JUnit4Provider.java:240)
	at org.apache.maven.surefire.junit4.JUnit4Provider.executeTestSet(JUnit4Provider.java:214)
	at org.apache.maven.surefire.junit4.JUnit4Provider.invoke(JUnit4Provider.java:155)
	at org.apache.maven.surefire.booter.ForkedBooter.runSuitesInProcess(ForkedBooter.java:385)
	at org.apache.maven.surefire.booter.ForkedBooter.execute(ForkedBooter.java:162)
	at org.apache.maven.surefire.booter.ForkedBooter.run(ForkedBooter.java:507)
	at org.apache.maven.surefire.booter.ForkedBooter.main(ForkedBooter.java:495)

tu paquete.EjercitoTest.soldado_recibe_disparo_con_50_escudo_Test -- Time elapsed: 0 s <<< ERROR!
java.lang.Error: 
Unresolved compilation problems: 
	The declared package "" does not match the expected package "tu paquete"
	Soldado cannot be resolved to a type
	Soldado cannot be resolved to a type
	Tanque cannot be resolved to a type
	Tanque cannot be resolved to a type
	Buque cannot be resolved to a type
	Buque cannot be resolved to a type
	Soldado cannot be resolved to a type
	Soldado cannot be resolved to a type
	Soldado cannot be resolved to a type
	Soldado cannot be resolved to a type
	Tanque cannot be resolved to a type
	Tanque cannot be resolved to a type
	Tanque cannot be resolved to a type
	Tanque cannot be resolved to a type
	Buque cannot be resolved to a type
	Buque cannot be resolved to a type
	Tanque cannot be resolved to a type
	Tanque cannot be resolved to a type
	Soldado cannot be resolved to a type
	Soldado cannot be resolved to a type
	Soldado cannot be resolved to a type
	Soldado cannot be resolved to a type
	Tanque cannot be resolved to a type
	Tanque cannot be resolved to a type
	Tanque cannot be resolved to a type
	Tanque cannot be resolved to a type
	Buque cannot be resolved to a type
	Buque cannot be resolved to a type
	Tanque cannot be resolved to a type
	Tanque cannot be resolved to a type
	Soldado cannot be resolved to a type
	Soldado cannot be resolved to a type
	Escudo cannot be resolved to a type
	Escudo cannot be resolved to a type
	Soldado cannot be resolved to a type
	Soldado cannot be resolved to a type
	Tanque cannot be resolved to a type
	Tanque cannot be resolved to a type
	Escudo cannot be resolved to a type
	Escudo cannot be resolved to a type
	Tanque cannot be resolved to a type
	Tanque cannot be resolved to a type
	Buque cannot be resolved to a type
	Buque cannot be resolved to a type
	Escudo cannot be resolved to a type
	Escudo cannot be resolved to a type
	Tanque cannot be resolved to a type
	Tanque cannot be resolved to a type
	ChuckNorris cannot be resolved to a type
	ChuckNorris cannot be resolved to a type
	Tanque cannot be resolved to a type
	Tanque cannot be resolved to a type
	ChuckNorris cannot be resolved to a type
	ChuckNorris cannot be resolved to a type
	Soldado cannot be resolved to a type
	Soldado cannot be resolved to a type

	at tu paquete.EjercitoTest.<init>(EjercitoTest.java:1)
	at java.base/jdk.internal.reflect.DirectConstructorHandleAccessor.newInstance(DirectConstructorHandleAccessor.java:67)
	at java.base/java.lang.reflect.Constructor.newInstanceWithCaller(Constructor.java:499)
	at java.base/java.lang.reflect.Constructor.newInstance(Constructor.java:483)
	at org.junit.runners.BlockJUnit4ClassRunner.createTest(BlockJUnit4ClassRunner.java:250)
	at org.junit.runners.BlockJUnit4ClassRunner.createTest(BlockJUnit4ClassRunner.java:260)
	at org.junit.runners.BlockJUnit4ClassRunner$2.runReflectiveCall(BlockJUnit4ClassRunner.java:309)
	at org.junit.internal.runners.model.ReflectiveCallable.run(ReflectiveCallable.java:12)
	at org.junit.runners.BlockJUnit4ClassRunner.methodBlock(BlockJUnit4ClassRunner.java:306)
	at org.junit.runners.BlockJUnit4ClassRunner$1.evaluate(BlockJUnit4ClassRunner.java:100)
	at org.junit.runners.ParentRunner.runLeaf(ParentRunner.java:366)
	at org.junit.runners.BlockJUnit4ClassRunner.runChild(BlockJUnit4ClassRunner.java:103)
	at org.junit.runners.BlockJUnit4ClassRunner.runChild(BlockJUnit4ClassRunner.java:63)
	at org.junit.runners.ParentRunner$4.run(ParentRunner.java:331)
	at org.junit.runners.ParentRunner$1.schedule(ParentRunner.java:79)
	at org.junit.runners.ParentRunner.runChildren(ParentRunner.java:329)
	at org.junit.runners.ParentRunner.access$100(ParentRunner.java:66)
	at org.junit.runners.ParentRunner$2.evaluate(ParentRunner.java:293)
	at org.junit.runners.ParentRunner$3.evaluate(ParentRunner.java:306)
	at org.junit.runners.ParentRunner.run(ParentRunner.java:413)
	at org.apache.maven.surefire.junit4.JUnit4Provider.execute(JUnit4Provider.java:316)
	at org.apache.maven.surefire.junit4.JUnit4Provider.executeWithRerun(JUnit4Provider.java:240)
	at org.apache.maven.surefire.junit4.JUnit4Provider.executeTestSet(JUnit4Provider.java:214)
	at org.apache.maven.surefire.junit4.JUnit4Provider.invoke(JUnit4Provider.java:155)
	at org.apache.maven.surefire.booter.ForkedBooter.runSuitesInProcess(ForkedBooter.java:385)
	at org.apache.maven.surefire.booter.ForkedBooter.execute(ForkedBooter.java:162)
	at org.apache.maven.surefire.booter.ForkedBooter.run(ForkedBooter.java:507)
	at org.apache.maven.surefire.booter.ForkedBooter.main(ForkedBooter.java:495)

tu paquete.EjercitoTest.soldado_puede_preguntar_si_esta_vivo_o_muerto_Test -- Time elapsed: 0 s <<< ERROR!
java.lang.Error: 
Unresolved compilation problems: 
	The declared package "" does not match the expected package "tu paquete"
	Soldado cannot be resolved to a type
	Soldado cannot be resolved to a type
	Tanque cannot be resolved to a type
	Tanque cannot be resolved to a type
	Buque cannot be resolved to a type
	Buque cannot be resolved to a type
	Soldado cannot be resolved to a type
	Soldado cannot be resolved to a type
	Soldado cannot be resolved to a type
	Soldado cannot be resolved to a type
	Tanque cannot be resolved to a type
	Tanque cannot be resolved to a type
	Tanque cannot be resolved to a type
	Tanque cannot be resolved to a type
	Buque cannot be resolved to a type
	Buque cannot be resolved to a type
	Tanque cannot be resolved to a type
	Tanque cannot be resolved to a type
	Soldado cannot be resolved to a type
	Soldado cannot be resolved to a type
	Soldado cannot be resolved to a type
	Soldado cannot be resolved to a type
	Tanque cannot be resolved to a type
	Tanque cannot be resolved to a type
	Tanque cannot be resolved to a type
	Tanque cannot be resolved to a type
	Buque cannot be resolved to a type
	Buque cannot be resolved to a type
	Tanque cannot be resolved to a type
	Tanque cannot be resolved to a type
	Soldado cannot be resolved to a type
	Soldado cannot be resolved to a type
	Escudo cannot be resolved to a type
	Escudo cannot be resolved to a type
	Soldado cannot be resolved to a type
	Soldado cannot be resolved to a type
	Tanque cannot be resolved to a type
	Tanque cannot be resolved to a type
	Escudo cannot be resolved to a type
	Escudo cannot be resolved to a type
	Tanque cannot be resolved to a type
	Tanque cannot be resolved to a type
	Buque cannot be resolved to a type
	Buque cannot be resolved to a type
	Escudo cannot be resolved to a type
	Escudo cannot be resolved to a type
	Tanque cannot be resolved to a type
	Tanque cannot be resolved to a type
	ChuckNorris cannot be resolved to a type
	ChuckNorris cannot be resolved to a type
	Tanque cannot be resolved to a type
	Tanque cannot be resolved to a type
	ChuckNorris cannot be resolved to a type
	ChuckNorris cannot be resolved to a type
	Soldado cannot be resolved to a type
	Soldado cannot be resolved to a type

	at tu paquete.EjercitoTest.<init>(EjercitoTest.java:1)
	at java.base/jdk.internal.reflect.DirectConstructorHandleAccessor.newInstance(DirectConstructorHandleAccessor.java:67)
	at java.base/java.lang.reflect.Constructor.newInstanceWithCaller(Constructor.java:499)
	at java.base/java.lang.reflect.Constructor.newInstance(Constructor.java:483)
	at org.junit.runners.BlockJUnit4ClassRunner.createTest(BlockJUnit4ClassRunner.java:250)
	at org.junit.runners.BlockJUnit4ClassRunner.createTest(BlockJUnit4ClassRunner.java:260)
	at org.junit.runners.BlockJUnit4ClassRunner$2.runReflectiveCall(BlockJUnit4ClassRunner.java:309)
	at org.junit.internal.runners.model.ReflectiveCallable.run(ReflectiveCallable.java:12)
	at org.junit.runners.BlockJUnit4ClassRunner.methodBlock(BlockJUnit4ClassRunner.java:306)
	at org.junit.runners.BlockJUnit4ClassRunner$1.evaluate(BlockJUnit4ClassRunner.java:100)
	at org.junit.runners.ParentRunner.runLeaf(ParentRunner.java:366)
	at org.junit.runners.BlockJUnit4ClassRunner.runChild(BlockJUnit4ClassRunner.java:103)
	at org.junit.runners.BlockJUnit4ClassRunner.runChild(BlockJUnit4ClassRunner.java:63)
	at org.junit.runners.ParentRunner$4.run(ParentRunner.java:331)
	at org.junit.runners.ParentRunner$1.schedule(ParentRunner.java:79)
	at org.junit.runners.ParentRunner.runChildren(ParentRunner.java:329)
	at org.junit.runners.ParentRunner.access$100(ParentRunner.java:66)
	at org.junit.runners.ParentRunner$2.evaluate(ParentRunner.java:293)
	at org.junit.runners.ParentRunner$3.evaluate(ParentRunner.java:306)
	at org.junit.runners.ParentRunner.run(ParentRunner.java:413)
	at org.apache.maven.surefire.junit4.JUnit4Provider.execute(JUnit4Provider.java:316)
	at org.apache.maven.surefire.junit4.JUnit4Provider.executeWithRerun(JUnit4Provider.java:240)
	at org.apache.maven.surefire.junit4.JUnit4Provider.executeTestSet(JUnit4Provider.java:214)
	at org.apache.maven.surefire.junit4.JUnit4Provider.invoke(JUnit4Provider.java:155)
	at org.apache.maven.surefire.booter.ForkedBooter.runSuitesInProcess(ForkedBooter.java:385)
	at org.apache.maven.surefire.booter.ForkedBooter.execute(ForkedBooter.java:162)
	at org.apache.maven.surefire.booter.ForkedBooter.run(ForkedBooter.java:507)
	at org.apache.maven.surefire.booter.ForkedBooter.main(ForkedBooter.java:495)

tu paquete.EjercitoTest.soldado_puede_recibir_disparo_y_muere_de_1_disparo -- Time elapsed: 0 s <<< ERROR!
java.lang.Error: 
Unresolved compilation problems: 
	The declared package "" does not match the expected package "tu paquete"
	Soldado cannot be resolved to a type
	Soldado cannot be resolved to a type
	Tanque cannot be resolved to a type
	Tanque cannot be resolved to a type
	Buque cannot be resolved to a type
	Buque cannot be resolved to a type
	Soldado cannot be resolved to a type
	Soldado cannot be resolved to a type
	Soldado cannot be resolved to a type
	Soldado cannot be resolved to a type
	Tanque cannot be resolved to a type
	Tanque cannot be resolved to a type
	Tanque cannot be resolved to a type
	Tanque cannot be resolved to a type
	Buque cannot be resolved to a type
	Buque cannot be resolved to a type
	Tanque cannot be resolved to a type
	Tanque cannot be resolved to a type
	Soldado cannot be resolved to a type
	Soldado cannot be resolved to a type
	Soldado cannot be resolved to a type
	Soldado cannot be resolved to a type
	Tanque cannot be resolved to a type
	Tanque cannot be resolved to a type
	Tanque cannot be resolved to a type
	Tanque cannot be resolved to a type
	Buque cannot be resolved to a type
	Buque cannot be resolved to a type
	Tanque cannot be resolved to a type
	Tanque cannot be resolved to a type
	Soldado cannot be resolved to a type
	Soldado cannot be resolved to a type
	Escudo cannot be resolved to a type
	Escudo cannot be resolved to a type
	Soldado cannot be resolved to a type
	Soldado cannot be resolved to a type
	Tanque cannot be resolved to a type
	Tanque cannot be resolved to a type
	Escudo cannot be resolved to a type
	Escudo cannot be resolved to a type
	Tanque cannot be resolved to a type
	Tanque cannot be resolved to a type
	Buque cannot be resolved to a type
	Buque cannot be resolved to a type
	Escudo cannot be resolved to a type
	Escudo cannot be resolved to a type
	Tanque cannot be resolved to a type
	Tanque cannot be resolved to a type
	ChuckNorris cannot be resolved to a type
	ChuckNorris cannot be resolved to a type
	Tanque cannot be resolved to a type
	Tanque cannot be resolved to a type
	ChuckNorris cannot be resolved to a type
	ChuckNorris cannot be resolved to a type
	Soldado cannot be resolved to a type
	Soldado cannot be resolved to a type

	at tu paquete.EjercitoTest.<init>(EjercitoTest.java:1)
	at java.base/jdk.internal.reflect.DirectConstructorHandleAccessor.newInstance(DirectConstructorHandleAccessor.java:67)
	at java.base/java.lang.reflect.Constructor.newInstanceWithCaller(Constructor.java:499)
	at java.base/java.lang.reflect.Constructor.newInstance(Constructor.java:483)
	at org.junit.runners.BlockJUnit4ClassRunner.createTest(BlockJUnit4ClassRunner.java:250)
	at org.junit.runners.BlockJUnit4ClassRunner.createTest(BlockJUnit4ClassRunner.java:260)
	at org.junit.runners.BlockJUnit4ClassRunner$2.runReflectiveCall(BlockJUnit4ClassRunner.java:309)
	at org.junit.internal.runners.model.ReflectiveCallable.run(ReflectiveCallable.java:12)
	at org.junit.runners.BlockJUnit4ClassRunner.methodBlock(BlockJUnit4ClassRunner.java:306)
	at org.junit.runners.BlockJUnit4ClassRunner$1.evaluate(BlockJUnit4ClassRunner.java:100)
	at org.junit.runners.ParentRunner.runLeaf(ParentRunner.java:366)
	at org.junit.runners.BlockJUnit4ClassRunner.runChild(BlockJUnit4ClassRunner.java:103)
	at org.junit.runners.BlockJUnit4ClassRunner.runChild(BlockJUnit4ClassRunner.java:63)
	at org.junit.runners.ParentRunner$4.run(ParentRunner.java:331)
	at org.junit.runners.ParentRunner$1.schedule(ParentRunner.java:79)
	at org.junit.runners.ParentRunner.runChildren(ParentRunner.java:329)
	at org.junit.runners.ParentRunner.access$100(ParentRunner.java:66)
	at org.junit.runners.ParentRunner$2.evaluate(ParentRunner.java:293)
	at org.junit.runners.ParentRunner$3.evaluate(ParentRunner.java:306)
	at org.junit.runners.ParentRunner.run(ParentRunner.java:413)
	at org.apache.maven.surefire.junit4.JUnit4Provider.execute(JUnit4Provider.java:316)
	at org.apache.maven.surefire.junit4.JUnit4Provider.executeWithRerun(JUnit4Provider.java:240)
	at org.apache.maven.surefire.junit4.JUnit4Provider.executeTestSet(JUnit4Provider.java:214)
	at org.apache.maven.surefire.junit4.JUnit4Provider.invoke(JUnit4Provider.java:155)
	at org.apache.maven.surefire.booter.ForkedBooter.runSuitesInProcess(ForkedBooter.java:385)
	at org.apache.maven.surefire.booter.ForkedBooter.execute(ForkedBooter.java:162)
	at org.apache.maven.surefire.booter.ForkedBooter.run(ForkedBooter.java:507)
	at org.apache.maven.surefire.booter.ForkedBooter.main(ForkedBooter.java:495)

